#
# There is insufficient memory for the Java Runtime Environment to continue.
# Native memory allocation (mmap) failed to map 266338304 bytes for G1 virtual space
# Possible reasons:
#   The system is out of physical RAM or swap space
#   The process is running with CompressedOops enabled, and the Java Heap may be blocking the growth of the native heap
# Possible solutions:
#   Reduce memory load on the system
#   Increase physical memory or swap space
#   Check if swap backing store is full
#   Decrease Java heap size (-Xmx/-Xms)
#   Decrease number of Java threads
#   Decrease Java thread stack sizes (-Xss)
#   Set larger code cache with -XX:ReservedCodeCacheSize=
#   JVM is running with Zero Based Compressed Oops mode in which the Java heap is
#     placed in the first 32GB address space. The Java Heap base address is the
#     maximum limit for the native heap growth. Please use -XX:HeapBaseMinAddress
#     to set the Java Heap base and to place the Java Heap above 32GB virtual address.
# This output file may be truncated or incomplete.
#
#  Out of Memory Error (os_windows.cpp:3600), pid=21888, tid=13724
#
# JRE version:  (21.0.1+12) (build )
# Java VM: OpenJDK 64-Bit Server VM (21.0.1+12-29, mixed mode, emulated-client, sharing, tiered, compressed oops, compressed class ptrs, g1 gc, windows-amd64)
# No core dump will be written. Minidumps are not enabled by default on client versions of Windows
#

---------------  S U M M A R Y ------------

Command Line: -XX:TieredStopAtLevel=1 -Dspring.output.ansi.enabled=always -Dcom.sun.management.jmxremote -Dspring.jmx.enabled=true -Dspring.liveBeansView.mbeanDomain -Dspring.application.admin.enabled=true -Dmanagement.endpoints.jmx.exposure.include=* -javaagent:D:\IntelliJ IDEA 2023.2.3\lib\idea_rt.jar=60588:D:\IntelliJ IDEA 2023.2.3\bin -Dfile.encoding=UTF-8 -Dsun.stdout.encoding=UTF-8 -Dsun.stderr.encoding=UTF-8 com.example.SpringbootApplication

Host: Intel(R) Core(TM) i5-10210U CPU @ 1.60GHz, 8 cores, 15G,  Windows 11 , 64 bit Build 22621 (10.0.22621.3085)
Time: Fri Mar  1 21:27:08 2024  Windows 11 , 64 bit Build 22621 (10.0.22621.3085) elapsed time: 0.018135 seconds (0d 0h 0m 0s)

---------------  T H R E A D  ---------------

Current thread (0x0000021159b2b5a0):  JavaThread "Unknown thread" [_thread_in_vm, id=13724, stack(0x0000009e88400000,0x0000009e88500000) (1024K)]

Stack: [0x0000009e88400000,0x0000009e88500000]
Native frames: (J=compiled Java code, j=interpreted, Vv=VM code, C=native code)
V  [jvm.dll+0x6c9029]
V  [jvm.dll+0x854b81]
V  [jvm.dll+0x856e5e]
V  [jvm.dll+0x857543]
V  [jvm.dll+0x280c06]
V  [jvm.dll+0x6c5715]
V  [jvm.dll+0x6ba10a]
V  [jvm.dll+0x3557ea]
V  [jvm.dll+0x35d436]
V  [jvm.dll+0x3ae1be]
V  [jvm.dll+0x3ae468]
V  [jvm.dll+0x3291fc]
V  [jvm.dll+0x329d8b]
V  [jvm.dll+0x81d179]
V  [jvm.dll+0x3bb4f1]
V  [jvm.dll+0x805ae8]
V  [jvm.dll+0x44effe]
V  [jvm.dll+0x450901]
C  [jli.dll+0x52a3]
C  [ucrtbase.dll+0x29363]
C  [KERNEL32.DLL+0x1257d]
C  [ntdll.dll+0x5aa58]


---------------  P R O C E S S  ---------------

Threads class SMR info:
_java_thread_list=0x00007ffa55b69b88, length=0, elements={
}

Java Threads: ( => current thread )
Total: 0

Other Threads:
  0x0000021159c99d60 WorkerThread "GC Thread#0"                     [id=13240, stack(0x0000009e88500000,0x0000009e88600000) (1024K)]
  0x0000021159cabc50 ConcurrentGCThread "G1 Main Marker"            [id=14656, stack(0x0000009e88600000,0x0000009e88700000) (1024K)]
  0x0000021159cad700 WorkerThread "G1 Conc#0"                       [id=14496, stack(0x0000009e88700000,0x0000009e88800000) (1024K)]

[error occurred during error reporting (printing all threads), id 0xc0000005, EXCEPTION_ACCESS_VIOLATION (0xc0000005) at pc=0x00007ffa552dc2c7]
VM state: not at safepoint (not fully initialized)

VM Mutex/Monitor currently owned by a thread:  ([mutex/lock_event])
[0x00007ffa55bda6f8] Heap_lock - owner thread: 0x0000021159b2b5a0

Heap address: 0x0000000702a00000, size: 4054 MB, Compressed Oops mode: Zero based, Oop shift amount: 3

CDS archive(s) mapped at: [0x0000000000000000-0x0000000000000000-0x0000000000000000), size 0, SharedBaseAddress: 0x0000000800000000, ArchiveRelocationMode: 1.
Narrow klass base: 0x0000000000000000, Narrow klass shift: 0, Narrow klass range: 0x0

GC Precious Log:
 CardTable entry size: 512
 Card Set container configuration: InlinePtr #cards 4 size 8 Array Of Cards #cards 16 size 48 Howl #buckets 8 coarsen threshold 3686 Howl Bitmap #cards 512 size 80 coarsen threshold 460 Card regions per heap region 1 cards per card region 4096

Heap:
 garbage-first heap   total 0K, used 0K [0x0000000702a00000, 0x0000000800000000)
  region size 2048K, 0 young (0K), 0 survivors (0K)

[error occurred during error reporting (printing heap information), id 0xc0000005, EXCEPTION_ACCESS_VIOLATION (0xc0000005) at pc=0x00007ffa556c1be9]
GC Heap History (0 events):
No events

Dll operation events (1 events):
Event: 0.013 Loaded shared library C:\Users\XQM\.jdks\openjdk-21.0.1\bin\java.dll

Deoptimization events (0 events):
No events

Classes loaded (0 events):
No events

Classes unloaded (0 events):
No events

Classes redefined (0 events):
No events

Internal exceptions (0 events):
No events

ZGC Phase Switch (0 events):
No events

VM Operations (0 events):
No events

Events (0 events):
No events


Dynamic libraries:
0x00007ff72dfe0000 - 0x00007ff72dfee000 	C:\Users\XQM\.jdks\openjdk-21.0.1\bin\java.exe
0x00007ffacdd90000 - 0x00007ffacdfa7000 	C:\WINDOWS\SYSTEM32\ntdll.dll
0x00007ffacc6c0000 - 0x00007ffacc784000 	C:\WINDOWS\System32\KERNEL32.DLL
0x00007ffacb400000 - 0x00007ffacb7a6000 	C:\WINDOWS\System32\KERNELBASE.dll
0x00007ffacb170000 - 0x00007ffacb281000 	C:\WINDOWS\System32\ucrtbase.dll
0x00007ffab9990000 - 0x00007ffab99ab000 	C:\Users\XQM\.jdks\openjdk-21.0.1\bin\VCRUNTIME140.dll
0x00007ffab9870000 - 0x00007ffab9888000 	C:\Users\XQM\.jdks\openjdk-21.0.1\bin\jli.dll
0x00007ffacd430000 - 0x00007ffacd5de000 	C:\WINDOWS\System32\USER32.dll
0x00007ffacb290000 - 0x00007ffacb2b6000 	C:\WINDOWS\System32\win32u.dll
0x00007ffacd770000 - 0x00007ffacd799000 	C:\WINDOWS\System32\GDI32.dll
0x00007ffab6900000 - 0x00007ffab6b93000 	C:\WINDOWS\WinSxS\amd64_microsoft.windows.common-controls_6595b64144ccf1df_6.0.22621.2506_none_270c5ae97388e100\COMCTL32.dll
0x00007ffacb7e0000 - 0x00007ffacb8f8000 	C:\WINDOWS\System32\gdi32full.dll
0x00007ffacc320000 - 0x00007ffacc3c7000 	C:\WINDOWS\System32\msvcrt.dll
0x00007ffacb0d0000 - 0x00007ffacb16a000 	C:\WINDOWS\System32\msvcp_win.dll
0x00007ffacc3d0000 - 0x00007ffacc401000 	C:\WINDOWS\System32\IMM32.DLL
0x00007ffab9860000 - 0x00007ffab986c000 	C:\Users\XQM\.jdks\openjdk-21.0.1\bin\vcruntime140_1.dll
0x00007ffa89990000 - 0x00007ffa89a1e000 	C:\Users\XQM\.jdks\openjdk-21.0.1\bin\msvcp140.dll
0x00007ffa54fa0000 - 0x00007ffa55cb5000 	C:\Users\XQM\.jdks\openjdk-21.0.1\bin\server\jvm.dll
0x00007ffacbbc0000 - 0x00007ffacbc73000 	C:\WINDOWS\System32\ADVAPI32.dll
0x00007ffacbc90000 - 0x00007ffacbd38000 	C:\WINDOWS\System32\sechost.dll
0x00007ffacb7b0000 - 0x00007ffacb7d8000 	C:\WINDOWS\System32\bcrypt.dll
0x00007ffacd650000 - 0x00007ffacd767000 	C:\WINDOWS\System32\RPCRT4.dll
0x00007ffacbb40000 - 0x00007ffacbbb1000 	C:\WINDOWS\System32\WS2_32.dll
0x00007ffaca1b0000 - 0x00007ffaca1fd000 	C:\WINDOWS\SYSTEM32\POWRPROF.dll
0x00007ffac37d0000 - 0x00007ffac3804000 	C:\WINDOWS\SYSTEM32\WINMM.dll
0x00007ffac3df0000 - 0x00007ffac3dfa000 	C:\WINDOWS\SYSTEM32\VERSION.dll
0x00007ffaca0f0000 - 0x00007ffaca103000 	C:\WINDOWS\SYSTEM32\UMPDC.dll
0x00007ffaca200000 - 0x00007ffaca218000 	C:\WINDOWS\SYSTEM32\kernel.appcore.dll
0x00007ffab9850000 - 0x00007ffab985a000 	C:\Users\XQM\.jdks\openjdk-21.0.1\bin\jimage.dll
0x00007ffabafe0000 - 0x00007ffabb213000 	C:\WINDOWS\SYSTEM32\DBGHELP.DLL
0x00007ffacbf90000 - 0x00007ffacc319000 	C:\WINDOWS\System32\combase.dll
0x00007ffacbd50000 - 0x00007ffacbe27000 	C:\WINDOWS\System32\OLEAUT32.dll
0x00007ffaaf380000 - 0x00007ffaaf3b2000 	C:\WINDOWS\SYSTEM32\dbgcore.DLL
0x00007ffacb380000 - 0x00007ffacb3fa000 	C:\WINDOWS\System32\bcryptPrimitives.dll
0x00007ffab9f50000 - 0x00007ffab9f5f000 	C:\Users\XQM\.jdks\openjdk-21.0.1\bin\instrument.dll
0x00007ffab9250000 - 0x00007ffab926f000 	C:\Users\XQM\.jdks\openjdk-21.0.1\bin\java.dll

dbghelp: loaded successfully - version: 4.0.5 - missing functions: none
symbol engine: initialized successfully - sym options: 0x614 - pdb path: .;C:\Users\XQM\.jdks\openjdk-21.0.1\bin;C:\WINDOWS\SYSTEM32;C:\WINDOWS\WinSxS\amd64_microsoft.windows.common-controls_6595b64144ccf1df_6.0.22621.2506_none_270c5ae97388e100;C:\Users\XQM\.jdks\openjdk-21.0.1\bin\server

VM Arguments:
jvm_args: -XX:TieredStopAtLevel=1 -Dspring.output.ansi.enabled=always -Dcom.sun.management.jmxremote -Dspring.jmx.enabled=true -Dspring.liveBeansView.mbeanDomain -Dspring.application.admin.enabled=true -Dmanagement.endpoints.jmx.exposure.include=* -javaagent:D:\IntelliJ IDEA 2023.2.3\lib\idea_rt.jar=60588:D:\IntelliJ IDEA 2023.2.3\bin -Dfile.encoding=UTF-8 -Dsun.stdout.encoding=UTF-8 -Dsun.stderr.encoding=UTF-8 
java_command: com.example.SpringbootApplication
java_class_path (initial): D:\foodshare\xm-foods\springboot\target\classes;C:\Users\XQM\.m2\repository\org\springframework\boot\spring-boot-starter-web\2.5.9\spring-boot-starter-web-2.5.9.jar;C:\Users\XQM\.m2\repository\org\springframework\boot\spring-boot-starter\2.5.9\spring-boot-starter-2.5.9.jar;C:\Users\XQM\.m2\repository\org\springframework\boot\spring-boot\2.5.9\spring-boot-2.5.9.jar;C:\Users\XQM\.m2\repository\org\springframework\boot\spring-boot-autoconfigure\2.5.9\spring-boot-autoconfigure-2.5.9.jar;C:\Users\XQM\.m2\repository\org\springframework\boot\spring-boot-starter-logging\2.5.9\spring-boot-starter-logging-2.5.9.jar;C:\Users\XQM\.m2\repository\ch\qos\logback\logback-classic\1.2.10\logback-classic-1.2.10.jar;C:\Users\XQM\.m2\repository\ch\qos\logback\logback-core\1.2.10\logback-core-1.2.10.jar;C:\Users\XQM\.m2\repository\org\apache\logging\log4j\log4j-to-slf4j\2.17.1\log4j-to-slf4j-2.17.1.jar;C:\Users\XQM\.m2\repository\org\apache\logging\log4j\log4j-api\2.17.1\log4j-api-2.17.1.jar;C:\Users\XQM\.m2\repository\org\slf4j\jul-to-slf4j\1.7.33\jul-to-slf4j-1.7.33.jar;C:\Users\XQM\.m2\repository\jakarta\annotation\jakarta.annotation-api\1.3.5\jakarta.annotation-api-1.3.5.jar;C:\Users\XQM\.m2\repository\org\springframework\spring-core\5.3.15\spring-core-5.3.15.jar;C:\Users\XQM\.m2\repository\org\springframework\spring-jcl\5.3.15\spring-jcl-5.3.15.jar;C:\Users\XQM\.m2\repository\org\yaml\snakeyaml\1.28\snakeyaml-1.28.jar;C:\Users\XQM\.m2\repository\org\springframework\boot\spring-boot-starter-json\2.5.9\spring-boot-starter-json-2.5.9.jar;C:\Users\XQM\.m2\repository\com\fasterxml\jackson\datatype\jackson-datatype-jdk8\2.12.6\jackson-datatype-jdk8-2.12.6.jar;C:\Users\XQM\.m2\repository\com\fasterxml\jackson\datatype\jackson-datatype-jsr310\2.12.6\jackson-datatype-jsr310-2.12.6.jar;C:\Users\XQM\.m2\repository\com\fasterxml\jackson\module\jackson-module-parameter-names\2.12.6\jackson-module-parameter-names-2.12.6.jar;C:\Users\XQM\.m2\repository\org\springframework\boot\spring-boot-starter-tomcat\2.5.9\spring-boot-starter-tomcat-2.5.9.jar;C:\Users\XQM\.m2\repository\org\apache\tomcat\embed\tomcat-embed-core\9.0.56\tomcat-embed-core-9.0.56.jar;C:\Users\XQM\.m2\repository\org\apache\tomcat\embed\tomcat-embed-el\9.0.56\tomcat-embed-el-9.0.56.jar;C:\Users\XQM\.m2\repository\org\apache\tomcat\embed\tomcat-embed-websocket\9.0.56\tomcat-embed-websocket-9.0.56.jar;C:\Users\XQM\.m2\repository\org\springframework\spring-web\5.3.15\spring-web-5.3.15.jar;C:\Users\XQM\.m2\repository\org\springframework\spring-beans\5.3.15\spring-beans-5.3.15.jar;C:\Users\XQM\.m2\repository\org\springframework\spring-webmvc\5.3.15\spring-webmvc-5.3.15.jar;C:\Users\XQM\.m2\repository\org\springframework\spring-aop\5.3.15\spring-aop-5.3.15.jar;C:\Users\XQM\.m2\repository\org\springframework\spring-context\5.3.15\spring-context-5.3.15.jar;C:\Users\XQM\.m2\repository\org\springframework\spring-expression\5.3.15\spring-expression-5.3.15.jar;C:\Users\XQM\.m2\repository\mysql\mysql-connector-java\8.0.28\mysql-connector-java-8.0.28.jar;C:\Users\XQM\.m2\repository\org\mybatis\spring\boot\mybatis-spring-boot-starter\2.2.1\mybatis-spring-boot-starter-2.2.1.jar;C:\Users\XQM\.m2\repository\org\springframework\boot\spring-boot-starter-jdbc\2.5.9\spring-boot-starter-jdbc-2.5.9.jar;C:\Users\XQM\.m2\repository\com\zaxxer\HikariCP\4.0.3\HikariCP-4.0.3.jar;C:\Users\XQM\.m2\repository\org\slf4j\slf4j-api\1.7.33\slf4j-api-1.7.33.jar;C:\Users\XQM\.m2\repository\org\springframework\spring-jdbc\5.3.15\spring-jdbc-5.3.15.jar;C:\Users\XQM\.m2\repository\org\springframework\spring-tx\5.3.15\spring-tx-5.3.15.jar;C:\Users\XQM\.m2\repository\org\mybatis\spring\boot\mybatis-spring-boot-autoconfigure\2.2.1\mybatis-spring-boot-autoconfigure-2.2.1.jar;C:\Users\XQM\.m2\repository\org\mybatis\mybatis\3.5.9\mybatis-3.5.9.jar;C:\Users\XQM\.m2\repository\org\mybatis\mybatis-spring\2.0.6\mybatis-spring-2.0.6.jar;C:\Users\XQM\.m2\repository\com\github\pagehelper\pagehelper-spring-boot-starter\1.4.6\pagehelper-spring-boot-starter-1.4.6.jar;C:\Users\XQM\.m2\repository\com\github\pagehelper\pagehelper-spring-boot-autoconfigure\1.4.6\pagehelper-spring-boot-autoconfigure-1.4.6.jar;C:\Users\XQM\.m2\repository\com\github\pagehelper\pagehelper\5.3.2\pagehelper-5.3.2.jar;C:\Users\XQM\.m2\repository\com\github\jsqlparser\jsqlparser\4.5\jsqlparser-4.5.jar;C:\Users\XQM\.m2\repository\cn\hutool\hutool-all\5.8.18\hutool-all-5.8.18.jar;C:\Users\XQM\.m2\repository\com\auth0\java-jwt\4.3.0\java-jwt-4.3.0.jar;C:\Users\XQM\.m2\repository\com\fasterxml\jackson\core\jackson-databind\2.12.6\jackson-databind-2.12.6.jar;C:\Users\XQM\.m2\repository\com\fasterxml\jackson\core\jackson-annotations\2.12.6\jackson-annotations-2.12.6.jar;C:\Users\XQM\.m2\repository\com\fasterxml\jackson\core\jackson-core\2.12.6\jackson-core-2.12.6.jar
Launcher Type: SUN_STANDARD

[Global flags]
     intx CICompilerCount                          = 4                                         {product} {ergonomic}
     uint ConcGCThreads                            = 2                                         {product} {ergonomic}
     uint G1ConcRefinementThreads                  = 8                                         {product} {ergonomic}
   size_t G1HeapRegionSize                         = 2097152                                   {product} {ergonomic}
    uintx GCDrainStackTargetSize                   = 64                                        {product} {ergonomic}
   size_t InitialHeapSize                          = 266338304                                 {product} {ergonomic}
     bool ManagementServer                         = true                                      {product} {command line}
   size_t MarkStackSize                            = 4194304                                   {product} {ergonomic}
   size_t MaxHeapSize                              = 4250927104                                {product} {ergonomic}
   size_t MinHeapDeltaBytes                        = 2097152                                   {product} {ergonomic}
   size_t MinHeapSize                              = 8388608                                   {product} {ergonomic}
    uintx NonNMethodCodeHeapSize                   = 4096                                   {pd product} {ergonomic}
    uintx NonProfiledCodeHeapSize                  = 0                                      {pd product} {ergonomic}
     bool ProfileInterpreter                       = false                                  {pd product} {command line}
    uintx ProfiledCodeHeapSize                     = 0                                      {pd product} {ergonomic}
   size_t SoftMaxHeapSize                          = 4250927104                             {manageable} {ergonomic}
     intx TieredStopAtLevel                        = 1                                         {product} {command line}
     bool UseCompressedOops                        = true                           {product lp64_product} {ergonomic}
     bool UseG1GC                                  = true                                      {product} {ergonomic}
     bool UseLargePagesIndividualAllocation        = false                                  {pd product} {ergonomic}

Logging:
Log output configuration:
 #0: stdout all=warning uptime,level,tags foldmultilines=false
 #1: stderr all=off uptime,level,tags foldmultilines=false

Environment Variables:
JAVA_HOME=C:\software\Java\jdk-16.0.2
PATH=C:\Program Files\Common Files\Oracle\Java\javapath;C:\Windows\system32;C:\Windows;C:\Windows\System32\Wbem;C:\Windows\System32\WindowsPowerShell\v1.0\;C:\Windows\System32\OpenSSH\;C:\Program Files (x86)\NVIDIA Corporation\PhysX\Common;C:\Program Files\NVIDIA Corporation\NVIDIA NvDLISR;C:\WINDOWS\system32;C:\WINDOWS;C:\WINDOWS\System32\Wbem;C:\WINDOWS\System32\WindowsPowerShell\v1.0\;C:\WINDOWS\System32\OpenSSH\;C:\software\Java\jdk-16.0.2\bin;C:\software\Java\jdk-16.0.2\jre\bin;C:\Program Files\gcc\mingw64\bin;C:\Mysql\mysql-8.0.28-winx64\bin;C:\ProgramData\chocolatey\bin;C:\Program Files\Microsoft SQL Server\130\Tools\Binn\;D:\Program Files\Git\cmd;D:\tools\maven\apache-maven-3.6.1\bin;C:\Program Files\nodejs\;C:\Program Files\nodejs\node_global\node_modules;C:\Users\XQM\AppData\Local\Programs\Python\Python37-32\Scripts\;C:\Users\XQM\AppData\Local\Programs\Python\Python37-32\;C:\Users\XQM\AppData\Local\Microsoft\WindowsApps;D:\AppData\Local\Programs\Microsoft VS Code\bin;D:\JetBrains\IntelliJ IDEA 2023.1.2\bin;;C:\Program Files\nodejs\node_global;
USERNAME=XQM
OS=Windows_NT
PROCESSOR_IDENTIFIER=Intel64 Family 6 Model 142 Stepping 12, GenuineIntel
TMP=C:\Users\XQM\AppData\Local\Temp
TEMP=C:\Users\XQM\AppData\Local\Temp




Periodic native trim disabled

---------------  S Y S T E M  ---------------

OS:
 Windows 11 , 64 bit Build 22621 (10.0.22621.3085)
OS uptime: 6 days 7:44 hours

CPU: total 8 (initial active 8) (4 cores per cpu, 2 threads per core) family 6 model 142 stepping 12 microcode 0xde, cx8, cmov, fxsr, ht, mmx, 3dnowpref, sse, sse2, sse3, ssse3, sse4.1, sse4.2, popcnt, lzcnt, tsc, tscinvbit, avx, avx2, aes, erms, clmul, bmi1, bmi2, adx, fma, vzeroupper, clflush, clflushopt, rdtscp, f16c
Processor Information for all 8 processors :
  Max Mhz: 2112, Current Mhz: 1609, Mhz Limit: 1605

Memory: 4k page, system-wide physical 16212M (5318M free)
TotalPageFile size 16212M (AvailPageFile size 73M)
current process WorkingSet (physical memory assigned to process): 11M, peak: 11M
current process commit charge ("private bytes"): 55M, peak: 309M

vm_info: OpenJDK 64-Bit Server VM (21.0.1+12-29) for windows-amd64 JRE (21.0.1+12-29), built on 2023-10-05T13:27:09Z by "mach5one" with MS VC++ 17.1 (VS2022)

END.
