#
# There is insufficient memory for the Java Runtime Environment to continue.
# Native memory allocation (malloc) failed to allocate 32744 bytes for Chunk::new
# Possible reasons:
#   The system is out of physical RAM or swap space
#   The process is running with CompressedOops enabled, and the Java Heap may be blocking the growth of the native heap
# Possible solutions:
#   Reduce memory load on the system
#   Increase physical memory or swap space
#   Check if swap backing store is full
#   Decrease Java heap size (-Xmx/-Xms)
#   Decrease number of Java threads
#   Decrease Java thread stack sizes (-Xss)
#   Set larger code cache with -XX:ReservedCodeCacheSize=
#   JVM is running with Zero Based Compressed Oops mode in which the Java heap is
#     placed in the first 32GB address space. The Java Heap base address is the
#     maximum limit for the native heap growth. Please use -XX:HeapBaseMinAddress
#     to set the Java Heap base and to place the Java Heap above 32GB virtual address.
# This output file may be truncated or incomplete.
#
#  Out of Memory Error (arena.cpp:168), pid=1240, tid=10512
#
# JRE version: OpenJDK Runtime Environment (21.0.1+12) (build 21.0.1+12-29)
# Java VM: OpenJDK 64-Bit Server VM (21.0.1+12-29, mixed mode, emulated-client, sharing, tiered, compressed oops, compressed class ptrs, g1 gc, windows-amd64)
# No core dump will be written. Minidumps are not enabled by default on client versions of Windows
#

---------------  S U M M A R Y ------------

Command Line: -XX:TieredStopAtLevel=1 -Dspring.output.ansi.enabled=always -Dcom.sun.management.jmxremote -Dspring.jmx.enabled=true -Dspring.liveBeansView.mbeanDomain -Dspring.application.admin.enabled=true -Dmanagement.endpoints.jmx.exposure.include=* -javaagent:D:\IntelliJ IDEA 2023.2.3\lib\idea_rt.jar=51427:D:\IntelliJ IDEA 2023.2.3\bin -Dfile.encoding=UTF-8 -Dsun.stdout.encoding=UTF-8 -Dsun.stderr.encoding=UTF-8 com.example.SpringbootApplication

Host: Intel(R) Core(TM) i5-10210U CPU @ 1.60GHz, 8 cores, 15G,  Windows 11 , 64 bit Build 22621 (10.0.22621.3235)
Time: Mon Mar 18 00:49:46 2024  Windows 11 , 64 bit Build 22621 (10.0.22621.3235) elapsed time: 0.795241 seconds (0d 0h 0m 0s)

---------------  T H R E A D  ---------------

Current thread (0x000001b3c30f7de0):  JavaThread "C1 CompilerThread0" daemon [_thread_in_native, id=10512, stack(0x0000009f69400000,0x0000009f69500000) (1024K)]


Current CompileTask:
C1:    795 1393       1       java.net.URLStreamHandler::parseURL (1124 bytes)

Stack: [0x0000009f69400000,0x0000009f69500000]
Native frames: (J=compiled Java code, j=interpreted, Vv=VM code, C=native code)
V  [jvm.dll+0x6c9029]
V  [jvm.dll+0x854b81]
V  [jvm.dll+0x856e5e]
V  [jvm.dll+0x857543]
V  [jvm.dll+0x280c06]
V  [jvm.dll+0xc3ead]
V  [jvm.dll+0xc43c3]
V  [jvm.dll+0x19619a]
V  [jvm.dll+0x196ea2]
V  [jvm.dll+0x196f5d]
V  [jvm.dll+0x199483]
V  [jvm.dll+0x19aff4]
V  [jvm.dll+0x154753]
V  [jvm.dll+0x154008]
V  [jvm.dll+0x154244]
V  [jvm.dll+0x153686]
V  [jvm.dll+0x1553ed]
V  [jvm.dll+0x2586b9]
V  [jvm.dll+0x256c9a]
V  [jvm.dll+0x3ef1b6]
V  [jvm.dll+0x7fd728]
V  [jvm.dll+0x6c777d]
C  [ucrtbase.dll+0x29363]
C  [KERNEL32.DLL+0x1257d]
C  [ntdll.dll+0x5aa58]


---------------  P R O C E S S  ---------------

Threads class SMR info:
_java_thread_list=0x000001b4091a3b50, length=15, elements={
0x000001b3b0182b60, 0x000001b3c30e19f0, 0x000001b3c30e2ac0, 0x000001b3c30e9470,
0x000001b3c30eb1f0, 0x000001b3c30ec3f0, 0x000001b3c30edbb0, 0x000001b3c30f7de0,
0x000001b3c326a8e0, 0x000001b3c326bd10, 0x000001b3c3268ea0, 0x000001b3c326a250,
0x000001b409120140, 0x000001b409122a10, 0x000001b3c3267af0
}

Java Threads: ( => current thread )
  0x000001b3b0182b60 JavaThread "main"                              [_thread_in_Java, id=21092, stack(0x0000009f68600000,0x0000009f68700000) (1024K)]
  0x000001b3c30e19f0 JavaThread "Reference Handler"          daemon [_thread_blocked, id=8340, stack(0x0000009f68e00000,0x0000009f68f00000) (1024K)]
  0x000001b3c30e2ac0 JavaThread "Finalizer"                  daemon [_thread_blocked, id=7172, stack(0x0000009f68f00000,0x0000009f69000000) (1024K)]
  0x000001b3c30e9470 JavaThread "Signal Dispatcher"          daemon [_thread_blocked, id=10004, stack(0x0000009f69000000,0x0000009f69100000) (1024K)]
  0x000001b3c30eb1f0 JavaThread "Attach Listener"            daemon [_thread_blocked, id=10956, stack(0x0000009f69100000,0x0000009f69200000) (1024K)]
  0x000001b3c30ec3f0 JavaThread "Service Thread"             daemon [_thread_blocked, id=19732, stack(0x0000009f69200000,0x0000009f69300000) (1024K)]
  0x000001b3c30edbb0 JavaThread "Monitor Deflation Thread"   daemon [_thread_blocked, id=14020, stack(0x0000009f69300000,0x0000009f69400000) (1024K)]
=>0x000001b3c30f7de0 JavaThread "C1 CompilerThread0"         daemon [_thread_in_native, id=10512, stack(0x0000009f69400000,0x0000009f69500000) (1024K)]
  0x000001b3c326a8e0 JavaThread "Common-Cleaner"             daemon [_thread_blocked, id=19768, stack(0x0000009f69500000,0x0000009f69600000) (1024K)]
  0x000001b3c326bd10 JavaThread "C1 CompilerThread1"         daemon [_thread_in_native, id=6184, stack(0x0000009f69600000,0x0000009f69700000) (1024K)]
  0x000001b3c3268ea0 JavaThread "Monitor Ctrl-Break"         daemon [_thread_in_native, id=5224, stack(0x0000009f69700000,0x0000009f69800000) (1024K)]
  0x000001b3c326a250 JavaThread "Notification Thread"        daemon [_thread_blocked, id=15464, stack(0x0000009f69800000,0x0000009f69900000) (1024K)]
  0x000001b409120140 JavaThread "C1 CompilerThread2"         daemon [_thread_in_vm, id=2248, stack(0x0000009f69900000,0x0000009f69a00000) (1024K)]
  0x000001b409122a10 JavaThread "C1 CompilerThread3"         daemon [_thread_blocked, id=376, stack(0x0000009f69a00000,0x0000009f69b00000) (1024K)]
  0x000001b3c3267af0 JavaThread "RMI TCP Accept-0"           daemon [_thread_in_native, id=12780, stack(0x0000009f69b00000,0x0000009f69c00000) (1024K)]
Total: 15

Other Threads:
  0x000001b3c30c1f60 VMThread "VM Thread"                           [id=13860, stack(0x0000009f68d00000,0x0000009f68e00000) (1024K)]
  0x000001b3c30af670 WatcherThread "VM Periodic Task Thread"        [id=16956, stack(0x0000009f68c00000,0x0000009f68d00000) (1024K)]
  0x000001b3b01e7b30 WorkerThread "GC Thread#0"                     [id=11512, stack(0x0000009f68700000,0x0000009f68800000) (1024K)]
  0x000001b3b01f8a20 ConcurrentGCThread "G1 Main Marker"            [id=12516, stack(0x0000009f68800000,0x0000009f68900000) (1024K)]
  0x000001b3b01fa4d0 WorkerThread "G1 Conc#0"                       [id=18020, stack(0x0000009f68900000,0x0000009f68a00000) (1024K)]
  0x000001b3b023e4b0 ConcurrentGCThread "G1 Refine#0"               [id=20412, stack(0x0000009f68a00000,0x0000009f68b00000) (1024K)]
  0x000001b3c2f82180 ConcurrentGCThread "G1 Service"                [id=5296, stack(0x0000009f68b00000,0x0000009f68c00000) (1024K)]
Total: 7

Threads with active compile tasks:
C1 CompilerThread0      828 1393       1       java.net.URLStreamHandler::parseURL (1124 bytes)
Total: 1

VM state: not at safepoint (normal execution)

VM Mutex/Monitor currently owned by a thread: None

Heap address: 0x0000000702a00000, size: 4054 MB, Compressed Oops mode: Zero based, Oop shift amount: 3

CDS archive(s) mapped at: [0x000001b3c4000000-0x000001b3c4c90000-0x000001b3c4c90000), size 13172736, SharedBaseAddress: 0x000001b3c4000000, ArchiveRelocationMode: 1.
Compressed class space mapped at: 0x000001b3c5000000-0x000001b405000000, reserved size: 1073741824
Narrow klass base: 0x000001b3c4000000, Narrow klass shift: 0, Narrow klass range: 0x100000000

GC Precious Log:
 CardTable entry size: 512
 Card Set container configuration: InlinePtr #cards 4 size 8 Array Of Cards #cards 16 size 48 Howl #buckets 8 coarsen threshold 3686 Howl Bitmap #cards 512 size 80 coarsen threshold 460 Card regions per heap region 1 cards per card region 4096
 CPUs: 8 total, 8 available
 Memory: 16212M
 Large Page Support: Disabled
 NUMA Support: Disabled
 Compressed Oops: Enabled (Zero based)
 Heap Region Size: 2M
 Heap Min Capacity: 8M
 Heap Initial Capacity: 254M
 Heap Max Capacity: 4054M
 Pre-touch: Disabled
 Parallel Workers: 8
 Concurrent Workers: 2
 Concurrent Refinement Workers: 8
 Periodic GC: Disabled

Heap:
 garbage-first heap   total 260096K, used 18432K [0x0000000702a00000, 0x0000000800000000)
  region size 2048K, 11 young (22528K), 0 survivors (0K)
 Metaspace       used 6971K, committed 7232K, reserved 1114112K
  class space    used 831K, committed 960K, reserved 1048576K

Heap Regions: E=young(eden), S=young(survivor), O=old, HS=humongous(starts), HC=humongous(continues), CS=collection set, F=free, TAMS=top-at-mark-start, PB=parsable bottom
|   0|0x0000000702a00000, 0x0000000702a00000, 0x0000000702c00000|  0%| F|  |TAMS 0x0000000702a00000| PB 0x0000000702a00000| Untracked 
|   1|0x0000000702c00000, 0x0000000702c00000, 0x0000000702e00000|  0%| F|  |TAMS 0x0000000702c00000| PB 0x0000000702c00000| Untracked 
|   2|0x0000000702e00000, 0x0000000702e00000, 0x0000000703000000|  0%| F|  |TAMS 0x0000000702e00000| PB 0x0000000702e00000| Untracked 
|   3|0x0000000703000000, 0x0000000703000000, 0x0000000703200000|  0%| F|  |TAMS 0x0000000703000000| PB 0x0000000703000000| Untracked 
|   4|0x0000000703200000, 0x0000000703200000, 0x0000000703400000|  0%| F|  |TAMS 0x0000000703200000| PB 0x0000000703200000| Untracked 
|   5|0x0000000703400000, 0x0000000703400000, 0x0000000703600000|  0%| F|  |TAMS 0x0000000703400000| PB 0x0000000703400000| Untracked 
|   6|0x0000000703600000, 0x0000000703600000, 0x0000000703800000|  0%| F|  |TAMS 0x0000000703600000| PB 0x0000000703600000| Untracked 
|   7|0x0000000703800000, 0x0000000703800000, 0x0000000703a00000|  0%| F|  |TAMS 0x0000000703800000| PB 0x0000000703800000| Untracked 
|   8|0x0000000703a00000, 0x0000000703a00000, 0x0000000703c00000|  0%| F|  |TAMS 0x0000000703a00000| PB 0x0000000703a00000| Untracked 
|   9|0x0000000703c00000, 0x0000000703c00000, 0x0000000703e00000|  0%| F|  |TAMS 0x0000000703c00000| PB 0x0000000703c00000| Untracked 
|  10|0x0000000703e00000, 0x0000000703e00000, 0x0000000704000000|  0%| F|  |TAMS 0x0000000703e00000| PB 0x0000000703e00000| Untracked 
|  11|0x0000000704000000, 0x0000000704000000, 0x0000000704200000|  0%| F|  |TAMS 0x0000000704000000| PB 0x0000000704000000| Untracked 
|  12|0x0000000704200000, 0x0000000704200000, 0x0000000704400000|  0%| F|  |TAMS 0x0000000704200000| PB 0x0000000704200000| Untracked 
|  13|0x0000000704400000, 0x0000000704400000, 0x0000000704600000|  0%| F|  |TAMS 0x0000000704400000| PB 0x0000000704400000| Untracked 
|  14|0x0000000704600000, 0x0000000704600000, 0x0000000704800000|  0%| F|  |TAMS 0x0000000704600000| PB 0x0000000704600000| Untracked 
|  15|0x0000000704800000, 0x0000000704800000, 0x0000000704a00000|  0%| F|  |TAMS 0x0000000704800000| PB 0x0000000704800000| Untracked 
|  16|0x0000000704a00000, 0x0000000704a00000, 0x0000000704c00000|  0%| F|  |TAMS 0x0000000704a00000| PB 0x0000000704a00000| Untracked 
|  17|0x0000000704c00000, 0x0000000704c00000, 0x0000000704e00000|  0%| F|  |TAMS 0x0000000704c00000| PB 0x0000000704c00000| Untracked 
|  18|0x0000000704e00000, 0x0000000704e00000, 0x0000000705000000|  0%| F|  |TAMS 0x0000000704e00000| PB 0x0000000704e00000| Untracked 
|  19|0x0000000705000000, 0x0000000705000000, 0x0000000705200000|  0%| F|  |TAMS 0x0000000705000000| PB 0x0000000705000000| Untracked 
|  20|0x0000000705200000, 0x0000000705200000, 0x0000000705400000|  0%| F|  |TAMS 0x0000000705200000| PB 0x0000000705200000| Untracked 
|  21|0x0000000705400000, 0x0000000705400000, 0x0000000705600000|  0%| F|  |TAMS 0x0000000705400000| PB 0x0000000705400000| Untracked 
|  22|0x0000000705600000, 0x0000000705600000, 0x0000000705800000|  0%| F|  |TAMS 0x0000000705600000| PB 0x0000000705600000| Untracked 
|  23|0x0000000705800000, 0x0000000705800000, 0x0000000705a00000|  0%| F|  |TAMS 0x0000000705800000| PB 0x0000000705800000| Untracked 
|  24|0x0000000705a00000, 0x0000000705a00000, 0x0000000705c00000|  0%| F|  |TAMS 0x0000000705a00000| PB 0x0000000705a00000| Untracked 
|  25|0x0000000705c00000, 0x0000000705c00000, 0x0000000705e00000|  0%| F|  |TAMS 0x0000000705c00000| PB 0x0000000705c00000| Untracked 
|  26|0x0000000705e00000, 0x0000000705e00000, 0x0000000706000000|  0%| F|  |TAMS 0x0000000705e00000| PB 0x0000000705e00000| Untracked 
|  27|0x0000000706000000, 0x0000000706000000, 0x0000000706200000|  0%| F|  |TAMS 0x0000000706000000| PB 0x0000000706000000| Untracked 
|  28|0x0000000706200000, 0x0000000706200000, 0x0000000706400000|  0%| F|  |TAMS 0x0000000706200000| PB 0x0000000706200000| Untracked 
|  29|0x0000000706400000, 0x0000000706400000, 0x0000000706600000|  0%| F|  |TAMS 0x0000000706400000| PB 0x0000000706400000| Untracked 
|  30|0x0000000706600000, 0x0000000706600000, 0x0000000706800000|  0%| F|  |TAMS 0x0000000706600000| PB 0x0000000706600000| Untracked 
|  31|0x0000000706800000, 0x0000000706800000, 0x0000000706a00000|  0%| F|  |TAMS 0x0000000706800000| PB 0x0000000706800000| Untracked 
|  32|0x0000000706a00000, 0x0000000706a00000, 0x0000000706c00000|  0%| F|  |TAMS 0x0000000706a00000| PB 0x0000000706a00000| Untracked 
|  33|0x0000000706c00000, 0x0000000706c00000, 0x0000000706e00000|  0%| F|  |TAMS 0x0000000706c00000| PB 0x0000000706c00000| Untracked 
|  34|0x0000000706e00000, 0x0000000706e00000, 0x0000000707000000|  0%| F|  |TAMS 0x0000000706e00000| PB 0x0000000706e00000| Untracked 
|  35|0x0000000707000000, 0x0000000707000000, 0x0000000707200000|  0%| F|  |TAMS 0x0000000707000000| PB 0x0000000707000000| Untracked 
|  36|0x0000000707200000, 0x0000000707200000, 0x0000000707400000|  0%| F|  |TAMS 0x0000000707200000| PB 0x0000000707200000| Untracked 
|  37|0x0000000707400000, 0x0000000707400000, 0x0000000707600000|  0%| F|  |TAMS 0x0000000707400000| PB 0x0000000707400000| Untracked 
|  38|0x0000000707600000, 0x0000000707600000, 0x0000000707800000|  0%| F|  |TAMS 0x0000000707600000| PB 0x0000000707600000| Untracked 
|  39|0x0000000707800000, 0x0000000707800000, 0x0000000707a00000|  0%| F|  |TAMS 0x0000000707800000| PB 0x0000000707800000| Untracked 
|  40|0x0000000707a00000, 0x0000000707a00000, 0x0000000707c00000|  0%| F|  |TAMS 0x0000000707a00000| PB 0x0000000707a00000| Untracked 
|  41|0x0000000707c00000, 0x0000000707c00000, 0x0000000707e00000|  0%| F|  |TAMS 0x0000000707c00000| PB 0x0000000707c00000| Untracked 
|  42|0x0000000707e00000, 0x0000000707e00000, 0x0000000708000000|  0%| F|  |TAMS 0x0000000707e00000| PB 0x0000000707e00000| Untracked 
|  43|0x0000000708000000, 0x0000000708000000, 0x0000000708200000|  0%| F|  |TAMS 0x0000000708000000| PB 0x0000000708000000| Untracked 
|  44|0x0000000708200000, 0x0000000708200000, 0x0000000708400000|  0%| F|  |TAMS 0x0000000708200000| PB 0x0000000708200000| Untracked 
|  45|0x0000000708400000, 0x0000000708400000, 0x0000000708600000|  0%| F|  |TAMS 0x0000000708400000| PB 0x0000000708400000| Untracked 
|  46|0x0000000708600000, 0x0000000708600000, 0x0000000708800000|  0%| F|  |TAMS 0x0000000708600000| PB 0x0000000708600000| Untracked 
|  47|0x0000000708800000, 0x0000000708800000, 0x0000000708a00000|  0%| F|  |TAMS 0x0000000708800000| PB 0x0000000708800000| Untracked 
|  48|0x0000000708a00000, 0x0000000708a00000, 0x0000000708c00000|  0%| F|  |TAMS 0x0000000708a00000| PB 0x0000000708a00000| Untracked 
|  49|0x0000000708c00000, 0x0000000708c00000, 0x0000000708e00000|  0%| F|  |TAMS 0x0000000708c00000| PB 0x0000000708c00000| Untracked 
|  50|0x0000000708e00000, 0x0000000708e00000, 0x0000000709000000|  0%| F|  |TAMS 0x0000000708e00000| PB 0x0000000708e00000| Untracked 
|  51|0x0000000709000000, 0x0000000709000000, 0x0000000709200000|  0%| F|  |TAMS 0x0000000709000000| PB 0x0000000709000000| Untracked 
|  52|0x0000000709200000, 0x0000000709200000, 0x0000000709400000|  0%| F|  |TAMS 0x0000000709200000| PB 0x0000000709200000| Untracked 
|  53|0x0000000709400000, 0x0000000709400000, 0x0000000709600000|  0%| F|  |TAMS 0x0000000709400000| PB 0x0000000709400000| Untracked 
|  54|0x0000000709600000, 0x0000000709600000, 0x0000000709800000|  0%| F|  |TAMS 0x0000000709600000| PB 0x0000000709600000| Untracked 
|  55|0x0000000709800000, 0x0000000709800000, 0x0000000709a00000|  0%| F|  |TAMS 0x0000000709800000| PB 0x0000000709800000| Untracked 
|  56|0x0000000709a00000, 0x0000000709a00000, 0x0000000709c00000|  0%| F|  |TAMS 0x0000000709a00000| PB 0x0000000709a00000| Untracked 
|  57|0x0000000709c00000, 0x0000000709c00000, 0x0000000709e00000|  0%| F|  |TAMS 0x0000000709c00000| PB 0x0000000709c00000| Untracked 
|  58|0x0000000709e00000, 0x0000000709e00000, 0x000000070a000000|  0%| F|  |TAMS 0x0000000709e00000| PB 0x0000000709e00000| Untracked 
|  59|0x000000070a000000, 0x000000070a000000, 0x000000070a200000|  0%| F|  |TAMS 0x000000070a000000| PB 0x000000070a000000| Untracked 
|  60|0x000000070a200000, 0x000000070a200000, 0x000000070a400000|  0%| F|  |TAMS 0x000000070a200000| PB 0x000000070a200000| Untracked 
|  61|0x000000070a400000, 0x000000070a400000, 0x000000070a600000|  0%| F|  |TAMS 0x000000070a400000| PB 0x000000070a400000| Untracked 
|  62|0x000000070a600000, 0x000000070a600000, 0x000000070a800000|  0%| F|  |TAMS 0x000000070a600000| PB 0x000000070a600000| Untracked 
|  63|0x000000070a800000, 0x000000070a800000, 0x000000070aa00000|  0%| F|  |TAMS 0x000000070a800000| PB 0x000000070a800000| Untracked 
|  64|0x000000070aa00000, 0x000000070aa00000, 0x000000070ac00000|  0%| F|  |TAMS 0x000000070aa00000| PB 0x000000070aa00000| Untracked 
|  65|0x000000070ac00000, 0x000000070ac00000, 0x000000070ae00000|  0%| F|  |TAMS 0x000000070ac00000| PB 0x000000070ac00000| Untracked 
|  66|0x000000070ae00000, 0x000000070ae00000, 0x000000070b000000|  0%| F|  |TAMS 0x000000070ae00000| PB 0x000000070ae00000| Untracked 
|  67|0x000000070b000000, 0x000000070b000000, 0x000000070b200000|  0%| F|  |TAMS 0x000000070b000000| PB 0x000000070b000000| Untracked 
|  68|0x000000070b200000, 0x000000070b200000, 0x000000070b400000|  0%| F|  |TAMS 0x000000070b200000| PB 0x000000070b200000| Untracked 
|  69|0x000000070b400000, 0x000000070b400000, 0x000000070b600000|  0%| F|  |TAMS 0x000000070b400000| PB 0x000000070b400000| Untracked 
|  70|0x000000070b600000, 0x000000070b600000, 0x000000070b800000|  0%| F|  |TAMS 0x000000070b600000| PB 0x000000070b600000| Untracked 
|  71|0x000000070b800000, 0x000000070b800000, 0x000000070ba00000|  0%| F|  |TAMS 0x000000070b800000| PB 0x000000070b800000| Untracked 
|  72|0x000000070ba00000, 0x000000070ba00000, 0x000000070bc00000|  0%| F|  |TAMS 0x000000070ba00000| PB 0x000000070ba00000| Untracked 
|  73|0x000000070bc00000, 0x000000070bc00000, 0x000000070be00000|  0%| F|  |TAMS 0x000000070bc00000| PB 0x000000070bc00000| Untracked 
|  74|0x000000070be00000, 0x000000070be00000, 0x000000070c000000|  0%| F|  |TAMS 0x000000070be00000| PB 0x000000070be00000| Untracked 
|  75|0x000000070c000000, 0x000000070c000000, 0x000000070c200000|  0%| F|  |TAMS 0x000000070c000000| PB 0x000000070c000000| Untracked 
|  76|0x000000070c200000, 0x000000070c200000, 0x000000070c400000|  0%| F|  |TAMS 0x000000070c200000| PB 0x000000070c200000| Untracked 
|  77|0x000000070c400000, 0x000000070c400000, 0x000000070c600000|  0%| F|  |TAMS 0x000000070c400000| PB 0x000000070c400000| Untracked 
|  78|0x000000070c600000, 0x000000070c600000, 0x000000070c800000|  0%| F|  |TAMS 0x000000070c600000| PB 0x000000070c600000| Untracked 
|  79|0x000000070c800000, 0x000000070c800000, 0x000000070ca00000|  0%| F|  |TAMS 0x000000070c800000| PB 0x000000070c800000| Untracked 
|  80|0x000000070ca00000, 0x000000070ca00000, 0x000000070cc00000|  0%| F|  |TAMS 0x000000070ca00000| PB 0x000000070ca00000| Untracked 
|  81|0x000000070cc00000, 0x000000070cc00000, 0x000000070ce00000|  0%| F|  |TAMS 0x000000070cc00000| PB 0x000000070cc00000| Untracked 
|  82|0x000000070ce00000, 0x000000070ce00000, 0x000000070d000000|  0%| F|  |TAMS 0x000000070ce00000| PB 0x000000070ce00000| Untracked 
|  83|0x000000070d000000, 0x000000070d000000, 0x000000070d200000|  0%| F|  |TAMS 0x000000070d000000| PB 0x000000070d000000| Untracked 
|  84|0x000000070d200000, 0x000000070d200000, 0x000000070d400000|  0%| F|  |TAMS 0x000000070d200000| PB 0x000000070d200000| Untracked 
|  85|0x000000070d400000, 0x000000070d400000, 0x000000070d600000|  0%| F|  |TAMS 0x000000070d400000| PB 0x000000070d400000| Untracked 
|  86|0x000000070d600000, 0x000000070d600000, 0x000000070d800000|  0%| F|  |TAMS 0x000000070d600000| PB 0x000000070d600000| Untracked 
|  87|0x000000070d800000, 0x000000070d800000, 0x000000070da00000|  0%| F|  |TAMS 0x000000070d800000| PB 0x000000070d800000| Untracked 
|  88|0x000000070da00000, 0x000000070da00000, 0x000000070dc00000|  0%| F|  |TAMS 0x000000070da00000| PB 0x000000070da00000| Untracked 
|  89|0x000000070dc00000, 0x000000070dc00000, 0x000000070de00000|  0%| F|  |TAMS 0x000000070dc00000| PB 0x000000070dc00000| Untracked 
|  90|0x000000070de00000, 0x000000070de00000, 0x000000070e000000|  0%| F|  |TAMS 0x000000070de00000| PB 0x000000070de00000| Untracked 
|  91|0x000000070e000000, 0x000000070e000000, 0x000000070e200000|  0%| F|  |TAMS 0x000000070e000000| PB 0x000000070e000000| Untracked 
|  92|0x000000070e200000, 0x000000070e200000, 0x000000070e400000|  0%| F|  |TAMS 0x000000070e200000| PB 0x000000070e200000| Untracked 
|  93|0x000000070e400000, 0x000000070e400000, 0x000000070e600000|  0%| F|  |TAMS 0x000000070e400000| PB 0x000000070e400000| Untracked 
|  94|0x000000070e600000, 0x000000070e600000, 0x000000070e800000|  0%| F|  |TAMS 0x000000070e600000| PB 0x000000070e600000| Untracked 
|  95|0x000000070e800000, 0x000000070e800000, 0x000000070ea00000|  0%| F|  |TAMS 0x000000070e800000| PB 0x000000070e800000| Untracked 
|  96|0x000000070ea00000, 0x000000070ea00000, 0x000000070ec00000|  0%| F|  |TAMS 0x000000070ea00000| PB 0x000000070ea00000| Untracked 
|  97|0x000000070ec00000, 0x000000070ec00000, 0x000000070ee00000|  0%| F|  |TAMS 0x000000070ec00000| PB 0x000000070ec00000| Untracked 
|  98|0x000000070ee00000, 0x000000070ee00000, 0x000000070f000000|  0%| F|  |TAMS 0x000000070ee00000| PB 0x000000070ee00000| Untracked 
|  99|0x000000070f000000, 0x000000070f000000, 0x000000070f200000|  0%| F|  |TAMS 0x000000070f000000| PB 0x000000070f000000| Untracked 
| 100|0x000000070f200000, 0x000000070f200000, 0x000000070f400000|  0%| F|  |TAMS 0x000000070f200000| PB 0x000000070f200000| Untracked 
| 101|0x000000070f400000, 0x000000070f400000, 0x000000070f600000|  0%| F|  |TAMS 0x000000070f400000| PB 0x000000070f400000| Untracked 
| 102|0x000000070f600000, 0x000000070f600000, 0x000000070f800000|  0%| F|  |TAMS 0x000000070f600000| PB 0x000000070f600000| Untracked 
| 103|0x000000070f800000, 0x000000070f800000, 0x000000070fa00000|  0%| F|  |TAMS 0x000000070f800000| PB 0x000000070f800000| Untracked 
| 104|0x000000070fa00000, 0x000000070fa00000, 0x000000070fc00000|  0%| F|  |TAMS 0x000000070fa00000| PB 0x000000070fa00000| Untracked 
| 105|0x000000070fc00000, 0x000000070fc00000, 0x000000070fe00000|  0%| F|  |TAMS 0x000000070fc00000| PB 0x000000070fc00000| Untracked 
| 106|0x000000070fe00000, 0x000000070fe00000, 0x0000000710000000|  0%| F|  |TAMS 0x000000070fe00000| PB 0x000000070fe00000| Untracked 
| 107|0x0000000710000000, 0x0000000710000000, 0x0000000710200000|  0%| F|  |TAMS 0x0000000710000000| PB 0x0000000710000000| Untracked 
| 108|0x0000000710200000, 0x0000000710200000, 0x0000000710400000|  0%| F|  |TAMS 0x0000000710200000| PB 0x0000000710200000| Untracked 
| 109|0x0000000710400000, 0x0000000710400000, 0x0000000710600000|  0%| F|  |TAMS 0x0000000710400000| PB 0x0000000710400000| Untracked 
| 110|0x0000000710600000, 0x0000000710600000, 0x0000000710800000|  0%| F|  |TAMS 0x0000000710600000| PB 0x0000000710600000| Untracked 
| 111|0x0000000710800000, 0x0000000710800000, 0x0000000710a00000|  0%| F|  |TAMS 0x0000000710800000| PB 0x0000000710800000| Untracked 
| 112|0x0000000710a00000, 0x0000000710a00000, 0x0000000710c00000|  0%| F|  |TAMS 0x0000000710a00000| PB 0x0000000710a00000| Untracked 
| 113|0x0000000710c00000, 0x0000000710c00000, 0x0000000710e00000|  0%| F|  |TAMS 0x0000000710c00000| PB 0x0000000710c00000| Untracked 
| 114|0x0000000710e00000, 0x0000000710e00000, 0x0000000711000000|  0%| F|  |TAMS 0x0000000710e00000| PB 0x0000000710e00000| Untracked 
| 115|0x0000000711000000, 0x0000000711000000, 0x0000000711200000|  0%| F|  |TAMS 0x0000000711000000| PB 0x0000000711000000| Untracked 
| 116|0x0000000711200000, 0x0000000711353318, 0x0000000711400000| 66%| E|  |TAMS 0x0000000711200000| PB 0x0000000711200000| Complete 
| 117|0x0000000711400000, 0x0000000711600000, 0x0000000711600000|100%| E|CS|TAMS 0x0000000711400000| PB 0x0000000711400000| Complete 
| 118|0x0000000711600000, 0x0000000711800000, 0x0000000711800000|100%| E|CS|TAMS 0x0000000711600000| PB 0x0000000711600000| Complete 
| 119|0x0000000711800000, 0x0000000711a00000, 0x0000000711a00000|100%| E|CS|TAMS 0x0000000711800000| PB 0x0000000711800000| Complete 
| 120|0x0000000711a00000, 0x0000000711c00000, 0x0000000711c00000|100%| E|CS|TAMS 0x0000000711a00000| PB 0x0000000711a00000| Complete 
| 121|0x0000000711c00000, 0x0000000711e00000, 0x0000000711e00000|100%| E|CS|TAMS 0x0000000711c00000| PB 0x0000000711c00000| Complete 
| 122|0x0000000711e00000, 0x0000000712000000, 0x0000000712000000|100%| E|CS|TAMS 0x0000000711e00000| PB 0x0000000711e00000| Complete 
| 123|0x0000000712000000, 0x0000000712200000, 0x0000000712200000|100%| E|CS|TAMS 0x0000000712000000| PB 0x0000000712000000| Complete 
| 124|0x0000000712200000, 0x0000000712400000, 0x0000000712400000|100%| E|CS|TAMS 0x0000000712200000| PB 0x0000000712200000| Complete 
| 125|0x0000000712400000, 0x0000000712600000, 0x0000000712600000|100%| E|  |TAMS 0x0000000712400000| PB 0x0000000712400000| Complete 
| 126|0x0000000712600000, 0x0000000712800000, 0x0000000712800000|100%| E|CS|TAMS 0x0000000712600000| PB 0x0000000712600000| Complete 

Card table byte_map: [0x000001b3bbec0000,0x000001b3bc6b0000] _byte_map_base: 0x000001b3b86ab000

Marking Bits: (CMBitMap*) 0x000001b3b01e8240
 Bits: [0x000001b3bc6b0000, 0x000001b3c0608000)

Polling page: 0x000001b3adfa0000

Metaspace:

Usage:
  Non-class:      6.01 MB used.
      Class:    834.98 KB used.
       Both:      6.83 MB used.

Virtual space:
  Non-class space:       64.00 MB reserved,       6.12 MB ( 10%) committed,  1 nodes.
      Class space:        1.00 GB reserved,     960.00 KB ( <1%) committed,  1 nodes.
             Both:        1.06 GB reserved,       7.06 MB ( <1%) committed. 

Chunk freelists:
   Non-Class:  9.51 MB
       Class:  15.05 MB
        Both:  24.55 MB

MaxMetaspaceSize: unlimited
CompressedClassSpaceSize: 1.00 GB
Initial GC threshold: 21.00 MB
Current GC threshold: 21.00 MB
CDS: on
 - commit_granule_bytes: 65536.
 - commit_granule_words: 8192.
 - virtual_space_node_default_size: 8388608.
 - enlarge_chunks_in_place: 1.
 - use_allocation_guard: 0.


Internal statistics:

num_allocs_failed_limit: 0.
num_arena_births: 140.
num_arena_deaths: 0.
num_vsnodes_births: 2.
num_vsnodes_deaths: 0.
num_space_committed: 113.
num_space_uncommitted: 0.
num_chunks_returned_to_freelist: 0.
num_chunks_taken_from_freelist: 227.
num_chunk_merges: 0.
num_chunk_splits: 153.
num_chunks_enlarged: 101.
num_inconsistent_stats: 0.

CodeCache: size=49152Kb used=5077Kb max_used=5077Kb free=44074Kb
 bounds [0x000001b3b85c0000, 0x000001b3b8ac0000, 0x000001b3bb5c0000]
 total_blobs=1928 nmethods=1453 adapters=397
 compilation: enabled
              stopped_count=0, restarted_count=0
 full_count=0

Compilation events (20 events):
Event: 0.780 Thread 0x000001b3c30f7de0 nmethod 1386 0x000001b3b8a96990 code [0x000001b3b8a96b20, 0x000001b3b8a96be8]
Event: 0.780 Thread 0x000001b409120140 nmethod 1388 0x000001b3b8a96c90 code [0x000001b3b8a96e20, 0x000001b3b8a96fa0]
Event: 0.780 Thread 0x000001b409120140 1389       1       java.net.URL::toString (5 bytes)
Event: 0.780 Thread 0x000001b409122a10 1390       1       java.net.URL::toExternalForm (9 bytes)
Event: 0.780 Thread 0x000001b3c30f7de0 1391       1       java.net.URLStreamHandler::toExternalForm (156 bytes)
Event: 0.780 Thread 0x000001b409122a10 nmethod 1390 0x000001b3b8a97010 code [0x000001b3b8a971c0, 0x000001b3b8a972c0]
Event: 0.780 Thread 0x000001b409120140 nmethod 1389 0x000001b3b8a97390 code [0x000001b3b8a97540, 0x000001b3b8a97640]
Event: 0.781 Thread 0x000001b3c30f7de0 nmethod 1391 0x000001b3b8a97710 code [0x000001b3b8a979e0, 0x000001b3b8a98208]
Event: 0.782 Thread 0x000001b3c30f7de0 1392       1       sun.net.www.protocol.jar.Handler::checkNestedProtocol (18 bytes)
Event: 0.782 Thread 0x000001b3c30f7de0 nmethod 1392 0x000001b3b8a98690 code [0x000001b3b8a98840, 0x000001b3b8a98990]
Event: 0.782 Thread 0x000001b3c30f7de0 1393       1       java.net.URLStreamHandler::parseURL (1124 bytes)
Event: 0.785 Thread 0x000001b409120140 1394       1       java.lang.Float::isNaN (12 bytes)
Event: 0.785 Thread 0x000001b3c326bd10 1395       1       java.util.HashMap::tableSizeFor (32 bytes)
Event: 0.785 Thread 0x000001b409120140 nmethod 1394 0x000001b3b8a98a10 code [0x000001b3b8a98ba0, 0x000001b3b8a98c80]
Event: 0.785 Thread 0x000001b3c326bd10 nmethod 1395 0x000001b3b8a98d10 code [0x000001b3b8a98ec0, 0x000001b3b8a98ff8]
Event: 0.786 Thread 0x000001b3c326bd10 1396       1       java.util.concurrent.CopyOnWriteArrayList::getArray (5 bytes)
Event: 0.786 Thread 0x000001b3c326bd10 nmethod 1396 0x000001b3b8a99090 code [0x000001b3b8a99220, 0x000001b3b8a992f0]
Event: 0.786 Thread 0x000001b3c326bd10 1397       1       java.util.jar.JarFile::maybeInstantiateVerifier (42 bytes)
Event: 0.786 Thread 0x000001b3c326bd10 nmethod 1397 0x000001b3b8a99390 code [0x000001b3b8a99560, 0x000001b3b8a99708]
Event: 0.793 Thread 0x000001b3c326bd10 1398       1       java.io.WinNTFileSystem::resolve (326 bytes)

GC Heap History (0 events):
No events

Dll operation events (12 events):
Event: 0.012 Loaded shared library C:\Users\XQM\.jdks\openjdk-21.0.1\bin\java.dll
Event: 0.147 Loaded shared library C:\Users\XQM\.jdks\openjdk-21.0.1\bin\zip.dll
Event: 0.154 Loaded shared library C:\Users\XQM\.jdks\openjdk-21.0.1\bin\instrument.dll
Event: 0.161 Loaded shared library C:\Users\XQM\.jdks\openjdk-21.0.1\bin\net.dll
Event: 0.164 Loaded shared library C:\Users\XQM\.jdks\openjdk-21.0.1\bin\nio.dll
Event: 0.168 Loaded shared library C:\Users\XQM\.jdks\openjdk-21.0.1\bin\zip.dll
Event: 0.246 Loaded shared library D:\IntelliJ IDEA 2023.2.3\bin\breakgen64.dll
Event: 0.252 Loaded shared library C:\Users\XQM\.jdks\openjdk-21.0.1\bin\jimage.dll
Event: 0.260 Loaded shared library C:\Users\XQM\.jdks\openjdk-21.0.1\bin\extnet.dll
Event: 0.276 Loaded shared library C:\Users\XQM\.jdks\openjdk-21.0.1\bin\management.dll
Event: 0.287 Loaded shared library C:\Users\XQM\.jdks\openjdk-21.0.1\bin\management_ext.dll
Event: 0.623 Loaded shared library C:\Users\XQM\.jdks\openjdk-21.0.1\bin\verify.dll

Deoptimization events (4 events):
Event: 0.428 Thread 0x000001b3b0182b60 DEOPT PACKING pc=0x000001b3b8877e5d sp=0x0000009f686fce10
Event: 0.428 Thread 0x000001b3b0182b60 DEOPT UNPACKING pc=0x000001b3b8614e42 sp=0x0000009f686fc2c0 mode 3
Event: 0.440 Thread 0x000001b3b0182b60 DEOPT PACKING pc=0x000001b3b89a85e0 sp=0x0000009f686fcd10
Event: 0.440 Thread 0x000001b3b0182b60 DEOPT UNPACKING pc=0x000001b3b8614e42 sp=0x0000009f686fc1c8 mode 3

Classes loaded (20 events):
Event: 0.749 Loading class sun/net/www/protocol/jar/URLJarFile$URLJarFileEntry
Event: 0.749 Loading class sun/net/www/protocol/jar/URLJarFile$URLJarFileEntry done
Event: 0.749 Loading class sun/net/www/protocol/jar/JarURLConnection$JarURLInputStream
Event: 0.749 Loading class sun/net/www/protocol/jar/JarURLConnection$JarURLInputStream done
Event: 0.759 Loading class java/util/stream/DistinctOps
Event: 0.760 Loading class java/util/stream/DistinctOps done
Event: 0.760 Loading class java/util/stream/DistinctOps$1
Event: 0.760 Loading class java/util/stream/ReferencePipeline$StatefulOp
Event: 0.760 Loading class java/util/stream/ReferencePipeline$StatefulOp done
Event: 0.760 Loading class java/util/stream/DistinctOps$1 done
Event: 0.761 Loading class java/util/stream/DistinctOps$1$2
Event: 0.761 Loading class java/util/stream/DistinctOps$1$2 done
Event: 0.764 Loading class java/lang/invoke/DirectMethodHandle$Special
Event: 0.764 Loading class java/lang/invoke/DirectMethodHandle$Special done
Event: 0.777 Loading class java/lang/Byte$ByteCache
Event: 0.777 Loading class java/lang/Byte$ByteCache done
Event: 0.777 Loading class java/lang/Short$ShortCache
Event: 0.777 Loading class java/lang/Short$ShortCache done
Event: 0.778 Loading class java/lang/reflect/UndeclaredThrowableException
Event: 0.778 Loading class java/lang/reflect/UndeclaredThrowableException done

Classes unloaded (0 events):
No events

Classes redefined (0 events):
No events

Internal exceptions (19 events):
Event: 0.237 Thread 0x000001b3b0182b60 Exception <a 'java/lang/NoSuchMethodError'{0x0000000712021180}: 'void java.lang.invoke.DirectMethodHandle$Holder.invokeStatic(java.lang.Object, java.lang.Object, java.lang.Object)'> (0x0000000712021180) 
thrown [s\open\src\hotspot\share\interpreter\linkResolver.cpp, line 773]
Event: 0.242 Thread 0x000001b3b0182b60 Exception <a 'java/lang/NoSuchMethodError'{0x0000000712038688}: 'java.lang.Object java.lang.invoke.Invokers$Holder.invokeExact_MT(java.lang.Object, java.lang.Object, java.lang.Object, java.lang.Object, java.lang.Object)'> (0x0000000712038688) 
thrown [s\open\src\hotspot\share\interpreter\linkResolver.cpp, line 773]
Event: 0.262 Thread 0x000001b3c3268ea0 Exception <a 'java/lang/NoSuchMethodError'{0x0000000712092f08}: 'void java.lang.invoke.DirectMethodHandle$Holder.invokeStatic(java.lang.Object, java.lang.Object)'> (0x0000000712092f08) 
thrown [s\open\src\hotspot\share\interpreter\linkResolver.cpp, line 773]
Event: 0.291 Thread 0x000001b3b0182b60 Exception <a 'java/lang/NoSuchMethodError'{0x000000071207a360}: 'int java.lang.invoke.DirectMethodHandle$Holder.invokeInterface(java.lang.Object, java.lang.Object)'> (0x000000071207a360) 
thrown [s\open\src\hotspot\share\interpreter\linkResolver.cpp, line 773]
Event: 0.292 Thread 0x000001b3b0182b60 Exception <a 'java/lang/IncompatibleClassChangeError'{0x000000071207d678}: Found class java.lang.Object, but interface was expected> (0x000000071207d678) 
thrown [s\open\src\hotspot\share\interpreter\linkResolver.cpp, line 840]
Event: 0.344 Thread 0x000001b3b0182b60 Exception <a 'java/lang/NoSuchMethodError'{0x00000007121b52a8}: 'int java.lang.invoke.DirectMethodHandle$Holder.invokeSpecial(java.lang.Object, java.lang.Object, java.lang.Object)'> (0x00000007121b52a8) 
thrown [s\open\src\hotspot\share\interpreter\linkResolver.cpp, line 773]
Event: 0.391 Thread 0x000001b3b0182b60 Exception <a 'java/lang/NoSuchMethodError'{0x0000000711efcf00}: 'java.lang.Object java.lang.invoke.DirectMethodHandle$Holder.invokeStaticInit(java.lang.Object, java.lang.Object, java.lang.Object)'> (0x0000000711efcf00) 
thrown [s\open\src\hotspot\share\interpreter\linkResolver.cpp, line 773]
Event: 0.472 Thread 0x000001b3b0182b60 Exception <a 'java/lang/NoSuchMethodError'{0x0000000711a680f0}: 'int java.lang.invoke.DirectMethodHandle$Holder.invokeSpecialIFC(java.lang.Object, java.lang.Object, java.lang.Object)'> (0x0000000711a680f0) 
thrown [s\open\src\hotspot\share\interpreter\linkResolver.cpp, line 773]
Event: 0.530 Thread 0x000001b3b0182b60 Exception <a 'java/lang/NoSuchMethodError'{0x0000000711ad9a38}: 'java.lang.Object java.lang.invoke.DirectMethodHandle$Holder.invokeStaticInit(java.lang.Object, int, int, int, int)'> (0x0000000711ad9a38) 
thrown [s\open\src\hotspot\share\interpreter\linkResolver.cpp, line 773]
Event: 0.555 Thread 0x000001b3b0182b60 Exception <a 'java/lang/NoSuchMethodError'{0x0000000711b9d410}: 'java.lang.Object java.lang.invoke.DirectMethodHandle$Holder.invokeStaticInit(java.lang.Object, java.lang.Object, int, int, int, int)'> (0x0000000711b9d410) 
thrown [s\open\src\hotspot\share\interpreter\linkResolver.cpp, line 773]
Event: 0.573 Thread 0x000001b3b0182b60 Exception <a 'java/lang/ClassNotFoundException'{0x0000000711bba040}: javax/management/remote/rmi/RMIServerImpl_Skel> (0x0000000711bba040) 
thrown [s\open\src\hotspot\share\classfile\systemDictionary.cpp, line 312]
Event: 0.586 Thread 0x000001b3b0182b60 Exception <a 'java/lang/NoSuchMethodError'{0x0000000711bd6f38}: 'long java.lang.invoke.DirectMethodHandle$Holder.invokeSpecial(java.lang.Object, java.lang.Object)'> (0x0000000711bd6f38) 
thrown [s\open\src\hotspot\share\interpreter\linkResolver.cpp, line 773]
Event: 0.587 Thread 0x000001b3b0182b60 Exception <a 'java/lang/NoSuchMethodError'{0x0000000711bda600}: 'long java.lang.invoke.Invokers$Holder.invokeExact_MT(java.lang.Object, java.lang.Object)'> (0x0000000711bda600) 
thrown [s\open\src\hotspot\share\interpreter\linkResolver.cpp, line 773]
Event: 0.595 Thread 0x000001b3b0182b60 Exception <a 'java/lang/NoSuchMethodError'{0x0000000711bf3738}: 'void java.lang.invoke.DirectMethodHandle$Holder.invokeSpecial(java.lang.Object, java.lang.Object, java.lang.Object)'> (0x0000000711bf3738) 
thrown [s\open\src\hotspot\share\interpreter\linkResolver.cpp, line 773]
Event: 0.650 Thread 0x000001b3b0182b60 Exception <a 'java/lang/ClassNotFoundException'{0x00000007119441f8}: javax/smartcardio/CardPermission> (0x00000007119441f8) 
thrown [s\open\src\hotspot\share\classfile\systemDictionary.cpp, line 312]
Event: 0.653 Thread 0x000001b3b0182b60 Exception <a 'java/io/FileNotFoundException'{0x0000000711952638}> (0x0000000711952638) 
thrown [s\open\src\hotspot\share\prims\jni.cpp, line 520]
Event: 0.761 Thread 0x000001b3b0182b60 Exception <a 'java/lang/NoSuchMethodError'{0x000000071146bc30}: 'java.lang.Object java.lang.invoke.DirectMethodHandle$Holder.invokeSpecialIFC(java.lang.Object, java.lang.Object, java.lang.Object, java.lang.Object)'> (0x000000071146bc30) 
thrown [s\open\src\hotspot\share\interpreter\linkResolver.cpp, line 773]
Event: 0.769 Thread 0x000001b3b0182b60 Exception <a 'java/lang/NoSuchMethodError'{0x00000007114a0ba0}: 'int java.lang.invoke.DirectMethodHandle$Holder.invokeVirtual(java.lang.Object, java.lang.Object, java.lang.Object)'> (0x00000007114a0ba0) 
thrown [s\open\src\hotspot\share\interpreter\linkResolver.cpp, line 773]
Event: 0.779 Thread 0x000001b3b0182b60 Exception <a 'java/lang/NoSuchMethodError'{0x000000071156ebe8}: 'int java.lang.invoke.DirectMethodHandle$Holder.invokeStaticInit(java.lang.Object, java.lang.Object)'> (0x000000071156ebe8) 
thrown [s\open\src\hotspot\share\interpreter\linkResolver.cpp, line 773]

ZGC Phase Switch (0 events):
No events

VM Operations (12 events):
Event: 0.132 Executing VM operation: HandshakeAllThreads (Deoptimize)
Event: 0.132 Executing VM operation: HandshakeAllThreads (Deoptimize) done
Event: 0.486 Executing VM operation: HandshakeAllThreads (Deoptimize)
Event: 0.486 Executing VM operation: HandshakeAllThreads (Deoptimize) done
Event: 0.570 Executing VM operation: HandshakeAllThreads (Deoptimize)
Event: 0.570 Executing VM operation: HandshakeAllThreads (Deoptimize) done
Event: 0.572 Executing VM operation: HandshakeAllThreads (Deoptimize)
Event: 0.573 Executing VM operation: HandshakeAllThreads (Deoptimize) done
Event: 0.745 Executing VM operation: ICBufferFull
Event: 0.745 Executing VM operation: ICBufferFull done
Event: 0.748 Executing VM operation: HandshakeAllThreads (Deoptimize)
Event: 0.748 Executing VM operation: HandshakeAllThreads (Deoptimize) done

Events (15 events):
Event: 0.028 Thread 0x000001b3b0182b60 Thread added: 0x000001b3b0182b60
Event: 0.049 Thread 0x000001b3c30e19f0 Thread added: 0x000001b3c30e19f0
Event: 0.049 Thread 0x000001b3c30e2ac0 Thread added: 0x000001b3c30e2ac0
Event: 0.049 Thread 0x000001b3c30e9470 Thread added: 0x000001b3c30e9470
Event: 0.049 Thread 0x000001b3c30eb1f0 Thread added: 0x000001b3c30eb1f0
Event: 0.049 Thread 0x000001b3c30ec3f0 Thread added: 0x000001b3c30ec3f0
Event: 0.049 Thread 0x000001b3c30edbb0 Thread added: 0x000001b3c30edbb0
Event: 0.049 Thread 0x000001b3c30f7de0 Thread added: 0x000001b3c30f7de0
Event: 0.125 Thread 0x000001b3c326a8e0 Thread added: 0x000001b3c326a8e0
Event: 0.132 Thread 0x000001b3c326bd10 Thread added: 0x000001b3c326bd10
Event: 0.247 Thread 0x000001b3c3268ea0 Thread added: 0x000001b3c3268ea0
Event: 0.247 Thread 0x000001b3c326a250 Thread added: 0x000001b3c326a250
Event: 0.430 Thread 0x000001b409120140 Thread added: 0x000001b409120140
Event: 0.430 Thread 0x000001b409122a10 Thread added: 0x000001b409122a10
Event: 0.582 Thread 0x000001b3c3267af0 Thread added: 0x000001b3c3267af0


Dynamic libraries:
0x00007ff7d3bd0000 - 0x00007ff7d3bde000 	C:\Users\XQM\.jdks\openjdk-21.0.1\bin\java.exe
0x00007ffcaeb10000 - 0x00007ffcaed26000 	C:\WINDOWS\SYSTEM32\ntdll.dll
0x00007ffcae010000 - 0x00007ffcae0d4000 	C:\WINDOWS\System32\KERNEL32.DLL
0x00007ffcac040000 - 0x00007ffcac3e6000 	C:\WINDOWS\System32\KERNELBASE.dll
0x00007ffcabe50000 - 0x00007ffcabf61000 	C:\WINDOWS\System32\ucrtbase.dll
0x00007ffc981b0000 - 0x00007ffc981c8000 	C:\Users\XQM\.jdks\openjdk-21.0.1\bin\jli.dll
0x00007ffc9b470000 - 0x00007ffc9b48b000 	C:\Users\XQM\.jdks\openjdk-21.0.1\bin\VCRUNTIME140.dll
0x00007ffcac880000 - 0x00007ffcaca2d000 	C:\WINDOWS\System32\USER32.dll
0x00007ffcac4b0000 - 0x00007ffcac4d6000 	C:\WINDOWS\System32\win32u.dll
0x00007ffcae0e0000 - 0x00007ffcae109000 	C:\WINDOWS\System32\GDI32.dll
0x00007ffcac650000 - 0x00007ffcac768000 	C:\WINDOWS\System32\gdi32full.dll
0x00007ffcabf70000 - 0x00007ffcac00a000 	C:\WINDOWS\System32\msvcp_win.dll
0x00007ffc993c0000 - 0x00007ffc99653000 	C:\WINDOWS\WinSxS\amd64_microsoft.windows.common-controls_6595b64144ccf1df_6.0.22621.3235_none_270f74e173860f98\COMCTL32.dll
0x00007ffcad620000 - 0x00007ffcad6c7000 	C:\WINDOWS\System32\msvcrt.dll
0x00007ffcae1c0000 - 0x00007ffcae1f1000 	C:\WINDOWS\System32\IMM32.DLL
0x00007ffc9a450000 - 0x00007ffc9a45c000 	C:\Users\XQM\.jdks\openjdk-21.0.1\bin\vcruntime140_1.dll
0x00007ffc85c50000 - 0x00007ffc85cde000 	C:\Users\XQM\.jdks\openjdk-21.0.1\bin\msvcp140.dll
0x00007ffc1f7c0000 - 0x00007ffc204d5000 	C:\Users\XQM\.jdks\openjdk-21.0.1\bin\server\jvm.dll
0x00007ffcadf50000 - 0x00007ffcae002000 	C:\WINDOWS\System32\ADVAPI32.dll
0x00007ffcae110000 - 0x00007ffcae1b8000 	C:\WINDOWS\System32\sechost.dll
0x00007ffcac010000 - 0x00007ffcac038000 	C:\WINDOWS\System32\bcrypt.dll
0x00007ffcaca30000 - 0x00007ffcacb45000 	C:\WINDOWS\System32\RPCRT4.dll
0x00007ffcae960000 - 0x00007ffcae9d1000 	C:\WINDOWS\System32\WS2_32.dll
0x00007ffca4130000 - 0x00007ffca4164000 	C:\WINDOWS\SYSTEM32\WINMM.dll
0x00007ffcaace0000 - 0x00007ffcaad2d000 	C:\WINDOWS\SYSTEM32\POWRPROF.dll
0x00007ffca4120000 - 0x00007ffca412a000 	C:\WINDOWS\SYSTEM32\VERSION.dll
0x00007ffcaacc0000 - 0x00007ffcaacd3000 	C:\WINDOWS\SYSTEM32\UMPDC.dll
0x00007ffcaaf80000 - 0x00007ffcaaf98000 	C:\WINDOWS\SYSTEM32\kernel.appcore.dll
0x00007ffc992b0000 - 0x00007ffc992ba000 	C:\Users\XQM\.jdks\openjdk-21.0.1\bin\jimage.dll
0x00007ffc9bb10000 - 0x00007ffc9bd43000 	C:\WINDOWS\SYSTEM32\DBGHELP.DLL
0x00007ffcae5d0000 - 0x00007ffcae958000 	C:\WINDOWS\System32\combase.dll
0x00007ffcae9f0000 - 0x00007ffcaeac7000 	C:\WINDOWS\System32\OLEAUT32.dll
0x00007ffc93cf0000 - 0x00007ffc93d22000 	C:\WINDOWS\SYSTEM32\dbgcore.DLL
0x00007ffcac7e0000 - 0x00007ffcac85a000 	C:\WINDOWS\System32\bcryptPrimitives.dll
0x00007ffca91b0000 - 0x00007ffca91bf000 	C:\Users\XQM\.jdks\openjdk-21.0.1\bin\instrument.dll
0x00007ffc96830000 - 0x00007ffc9684f000 	C:\Users\XQM\.jdks\openjdk-21.0.1\bin\java.dll
0x00007ffcacc20000 - 0x00007ffcad47d000 	C:\WINDOWS\System32\SHELL32.dll
0x00007ffca9db0000 - 0x00007ffcaa6a8000 	C:\WINDOWS\SYSTEM32\windows.storage.dll
0x00007ffca9c70000 - 0x00007ffca9dae000 	C:\WINDOWS\SYSTEM32\wintypes.dll
0x00007ffcae200000 - 0x00007ffcae2f3000 	C:\WINDOWS\System32\SHCORE.dll
0x00007ffcadb50000 - 0x00007ffcadbae000 	C:\WINDOWS\System32\shlwapi.dll
0x00007ffcabd80000 - 0x00007ffcabda6000 	C:\WINDOWS\SYSTEM32\profapi.dll
0x00007ffc95a10000 - 0x00007ffc95a28000 	C:\Users\XQM\.jdks\openjdk-21.0.1\bin\zip.dll
0x00007ffc981a0000 - 0x00007ffc981b0000 	C:\Users\XQM\.jdks\openjdk-21.0.1\bin\net.dll
0x00007ffca47f0000 - 0x00007ffca4927000 	C:\WINDOWS\SYSTEM32\WINHTTP.dll
0x00007ffcab400000 - 0x00007ffcab469000 	C:\WINDOWS\system32\mswsock.dll
0x00007ffc96160000 - 0x00007ffc96176000 	C:\Users\XQM\.jdks\openjdk-21.0.1\bin\nio.dll
0x00007ffca62d0000 - 0x00007ffca62ea000 	D:\IntelliJ IDEA 2023.2.3\bin\breakgen64.dll
0x00007ffc96820000 - 0x00007ffc96827000 	C:\Users\XQM\.jdks\openjdk-21.0.1\bin\extnet.dll
0x00007ffcaaa40000 - 0x00007ffcaab39000 	C:\WINDOWS\SYSTEM32\DNSAPI.dll
0x00007ffcaa9c0000 - 0x00007ffcaa9ed000 	C:\WINDOWS\SYSTEM32\IPHLPAPI.DLL
0x00007ffcadcb0000 - 0x00007ffcadcb9000 	C:\WINDOWS\System32\NSI.dll
0x00007ffc9aee0000 - 0x00007ffc9aeea000 	C:\Windows\System32\rasadhlp.dll
0x00007ffca1b30000 - 0x00007ffca1bb3000 	C:\WINDOWS\System32\fwpuclnt.dll
0x00007ffca9180000 - 0x00007ffca918a000 	C:\Users\XQM\.jdks\openjdk-21.0.1\bin\management.dll
0x00007ffca75b0000 - 0x00007ffca75bb000 	C:\Users\XQM\.jdks\openjdk-21.0.1\bin\management_ext.dll
0x00007ffcae4c0000 - 0x00007ffcae4c8000 	C:\WINDOWS\System32\PSAPI.DLL
0x00007ffcab650000 - 0x00007ffcab66b000 	C:\WINDOWS\SYSTEM32\CRYPTSP.dll
0x00007ffcaaee0000 - 0x00007ffcaaf15000 	C:\WINDOWS\system32\rsaenh.dll
0x00007ffcab4f0000 - 0x00007ffcab51c000 	C:\WINDOWS\SYSTEM32\USERENV.dll
0x00007ffcab670000 - 0x00007ffcab67c000 	C:\WINDOWS\SYSTEM32\CRYPTBASE.dll
0x00007ffc6da30000 - 0x00007ffc6da47000 	C:\WINDOWS\system32\napinsp.dll
0x00007ffc6da10000 - 0x00007ffc6da2b000 	C:\WINDOWS\system32\pnrpnsp.dll
0x00007ffc6d9f0000 - 0x00007ffc6da01000 	C:\WINDOWS\System32\winrnr.dll
0x00007ffca3ff0000 - 0x00007ffca4005000 	C:\WINDOWS\system32\wshbth.dll
0x00007ffc6d940000 - 0x00007ffc6d961000 	C:\WINDOWS\system32\nlansp_c.dll
0x00007ffc95c90000 - 0x00007ffc95ca0000 	C:\Users\XQM\.jdks\openjdk-21.0.1\bin\verify.dll

dbghelp: loaded successfully - version: 4.0.5 - missing functions: none
symbol engine: initialized successfully - sym options: 0x614 - pdb path: .;C:\Users\XQM\.jdks\openjdk-21.0.1\bin;C:\WINDOWS\SYSTEM32;C:\WINDOWS\WinSxS\amd64_microsoft.windows.common-controls_6595b64144ccf1df_6.0.22621.3235_none_270f74e173860f98;C:\Users\XQM\.jdks\openjdk-21.0.1\bin\server;D:\IntelliJ IDEA 2023.2.3\bin

VM Arguments:
jvm_args: -XX:TieredStopAtLevel=1 -Dspring.output.ansi.enabled=always -Dcom.sun.management.jmxremote -Dspring.jmx.enabled=true -Dspring.liveBeansView.mbeanDomain -Dspring.application.admin.enabled=true -Dmanagement.endpoints.jmx.exposure.include=* -javaagent:D:\IntelliJ IDEA 2023.2.3\lib\idea_rt.jar=51427:D:\IntelliJ IDEA 2023.2.3\bin -Dfile.encoding=UTF-8 -Dsun.stdout.encoding=UTF-8 -Dsun.stderr.encoding=UTF-8 
java_command: com.example.SpringbootApplication
java_class_path (initial): D:\foodshare\xm-foods\springboot\target\classes;C:\Users\XQM\.m2\repository\org\springframework\boot\spring-boot-starter-web\2.5.9\spring-boot-starter-web-2.5.9.jar;C:\Users\XQM\.m2\repository\org\springframework\boot\spring-boot-starter\2.5.9\spring-boot-starter-2.5.9.jar;C:\Users\XQM\.m2\repository\org\springframework\boot\spring-boot\2.5.9\spring-boot-2.5.9.jar;C:\Users\XQM\.m2\repository\org\springframework\boot\spring-boot-autoconfigure\2.5.9\spring-boot-autoconfigure-2.5.9.jar;C:\Users\XQM\.m2\repository\org\springframework\boot\spring-boot-starter-logging\2.5.9\spring-boot-starter-logging-2.5.9.jar;C:\Users\XQM\.m2\repository\ch\qos\logback\logback-classic\1.2.10\logback-classic-1.2.10.jar;C:\Users\XQM\.m2\repository\ch\qos\logback\logback-core\1.2.10\logback-core-1.2.10.jar;C:\Users\XQM\.m2\repository\org\apache\logging\log4j\log4j-to-slf4j\2.17.1\log4j-to-slf4j-2.17.1.jar;C:\Users\XQM\.m2\repository\org\apache\logging\log4j\log4j-api\2.17.1\log4j-api-2.17.1.jar;C:\Users\XQM\.m2\repository\org\slf4j\jul-to-slf4j\1.7.33\jul-to-slf4j-1.7.33.jar;C:\Users\XQM\.m2\repository\jakarta\annotation\jakarta.annotation-api\1.3.5\jakarta.annotation-api-1.3.5.jar;C:\Users\XQM\.m2\repository\org\springframework\spring-core\5.3.15\spring-core-5.3.15.jar;C:\Users\XQM\.m2\repository\org\springframework\spring-jcl\5.3.15\spring-jcl-5.3.15.jar;C:\Users\XQM\.m2\repository\org\yaml\snakeyaml\1.28\snakeyaml-1.28.jar;C:\Users\XQM\.m2\repository\org\springframework\boot\spring-boot-starter-json\2.5.9\spring-boot-starter-json-2.5.9.jar;C:\Users\XQM\.m2\repository\com\fasterxml\jackson\datatype\jackson-datatype-jdk8\2.12.6\jackson-datatype-jdk8-2.12.6.jar;C:\Users\XQM\.m2\repository\com\fasterxml\jackson\datatype\jackson-datatype-jsr310\2.12.6\jackson-datatype-jsr310-2.12.6.jar;C:\Users\XQM\.m2\repository\com\fasterxml\jackson\module\jackson-module-parameter-names\2.12.6\jackson-module-parameter-names-2.12.6.jar;C:\Users\XQM\.m2\repository\org\springframework\boot\spring-boot-starter-tomcat\2.5.9\spring-boot-starter-tomcat-2.5.9.jar;C:\Users\XQM\.m2\repository\org\apache\tomcat\embed\tomcat-embed-core\9.0.56\tomcat-embed-core-9.0.56.jar;C:\Users\XQM\.m2\repository\org\apache\tomcat\embed\tomcat-embed-el\9.0.56\tomcat-embed-el-9.0.56.jar;C:\Users\XQM\.m2\repository\org\apache\tomcat\embed\tomcat-embed-websocket\9.0.56\tomcat-embed-websocket-9.0.56.jar;C:\Users\XQM\.m2\repository\org\springframework\spring-web\5.3.15\spring-web-5.3.15.jar;C:\Users\XQM\.m2\repository\org\springframework\spring-beans\5.3.15\spring-beans-5.3.15.jar;C:\Users\XQM\.m2\repository\org\springframework\spring-webmvc\5.3.15\spring-webmvc-5.3.15.jar;C:\Users\XQM\.m2\repository\org\springframework\spring-aop\5.3.15\spring-aop-5.3.15.jar;C:\Users\XQM\.m2\repository\org\springframework\spring-context\5.3.15\spring-context-5.3.15.jar;C:\Users\XQM\.m2\repository\org\springframework\spring-expression\5.3.15\spring-expression-5.3.15.jar;C:\Users\XQM\.m2\repository\mysql\mysql-connector-java\8.0.28\mysql-connector-java-8.0.28.jar;C:\Users\XQM\.m2\repository\org\mybatis\spring\boot\mybatis-spring-boot-starter\2.2.1\mybatis-spring-boot-starter-2.2.1.jar;C:\Users\XQM\.m2\repository\org\springframework\boot\spring-boot-starter-jdbc\2.5.9\spring-boot-starter-jdbc-2.5.9.jar;C:\Users\XQM\.m2\repository\com\zaxxer\HikariCP\4.0.3\HikariCP-4.0.3.jar;C:\Users\XQM\.m2\repository\org\slf4j\slf4j-api\1.7.33\slf4j-api-1.7.33.jar;C:\Users\XQM\.m2\repository\org\springframework\spring-jdbc\5.3.15\spring-jdbc-5.3.15.jar;C:\Users\XQM\.m2\repository\org\springframework\spring-tx\5.3.15\spring-tx-5.3.15.jar;C:\Users\XQM\.m2\repository\org\mybatis\spring\boot\mybatis-spring-boot-autoconfigure\2.2.1\mybatis-spring-boot-autoconfigure-2.2.1.jar;C:\Users\XQM\.m2\repository\org\mybatis\mybatis\3.5.9\mybatis-3.5.9.jar;C:\Users\XQM\.m2\repository\org\mybatis\mybatis-spring\2.0.6\mybatis-spring-2.0.6.jar;C:\Users\XQM\.m2\repository\com\github\pagehelper\pagehelper-spring-boot-starter\1.4.6\pagehelper-spring-boot-starter-1.4.6.jar;C:\Users\XQM\.m2\repository\com\github\pagehelper\pagehelper-spring-boot-autoconfigure\1.4.6\pagehelper-spring-boot-autoconfigure-1.4.6.jar;C:\Users\XQM\.m2\repository\com\github\pagehelper\pagehelper\5.3.2\pagehelper-5.3.2.jar;C:\Users\XQM\.m2\repository\com\github\jsqlparser\jsqlparser\4.5\jsqlparser-4.5.jar;C:\Users\XQM\.m2\repository\cn\hutool\hutool-all\5.8.18\hutool-all-5.8.18.jar;C:\Users\XQM\.m2\repository\com\auth0\java-jwt\4.3.0\java-jwt-4.3.0.jar;C:\Users\XQM\.m2\repository\com\fasterxml\jackson\core\jackson-databind\2.12.6\jackson-databind-2.12.6.jar;C:\Users\XQM\.m2\repository\com\fasterxml\jackson\core\jackson-annotations\2.12.6\jackson-annotations-2.12.6.jar;C:\Users\XQM\.m2\repository\com\fasterxml\jackson\core\jackson-core\2.12.6\jackson-core-2.12.6.jar
Launcher Type: SUN_STANDARD

[Global flags]
     intx CICompilerCount                          = 4                                         {product} {ergonomic}
     uint ConcGCThreads                            = 2                                         {product} {ergonomic}
     uint G1ConcRefinementThreads                  = 8                                         {product} {ergonomic}
   size_t G1HeapRegionSize                         = 2097152                                   {product} {ergonomic}
    uintx GCDrainStackTargetSize                   = 64                                        {product} {ergonomic}
   size_t InitialHeapSize                          = 266338304                                 {product} {ergonomic}
     bool ManagementServer                         = true                                      {product} {command line}
   size_t MarkStackSize                            = 4194304                                   {product} {ergonomic}
   size_t MaxHeapSize                              = 4250927104                                {product} {ergonomic}
   size_t MaxNewSize                               = 2550136832                                {product} {ergonomic}
   size_t MinHeapDeltaBytes                        = 2097152                                   {product} {ergonomic}
   size_t MinHeapSize                              = 8388608                                   {product} {ergonomic}
    uintx NonNMethodCodeHeapSize                   = 4096                                   {pd product} {ergonomic}
    uintx NonProfiledCodeHeapSize                  = 0                                      {pd product} {ergonomic}
     bool ProfileInterpreter                       = false                                  {pd product} {command line}
    uintx ProfiledCodeHeapSize                     = 0                                      {pd product} {ergonomic}
   size_t SoftMaxHeapSize                          = 4250927104                             {manageable} {ergonomic}
     intx TieredStopAtLevel                        = 1                                         {product} {command line}
     bool UseCompressedOops                        = true                           {product lp64_product} {ergonomic}
     bool UseG1GC                                  = true                                      {product} {ergonomic}
     bool UseLargePagesIndividualAllocation        = false                                  {pd product} {ergonomic}

Logging:
Log output configuration:
 #0: stdout all=warning uptime,level,tags foldmultilines=false
 #1: stderr all=off uptime,level,tags foldmultilines=false

Environment Variables:
JAVA_HOME=C:\software\Java\jdk-16.0.2
PATH=C:\Program Files\Common Files\Oracle\Java\javapath;C:\Windows\system32;C:\Windows;C:\Windows\System32\Wbem;C:\Windows\System32\WindowsPowerShell\v1.0\;C:\Windows\System32\OpenSSH\;C:\Program Files (x86)\NVIDIA Corporation\PhysX\Common;C:\Program Files\NVIDIA Corporation\NVIDIA NvDLISR;C:\WINDOWS\system32;C:\WINDOWS;C:\WINDOWS\System32\Wbem;C:\WINDOWS\System32\WindowsPowerShell\v1.0\;C:\WINDOWS\System32\OpenSSH\;C:\software\Java\jdk-16.0.2\bin;C:\software\Java\jdk-16.0.2\jre\bin;C:\Program Files\gcc\mingw64\bin;C:\Mysql\mysql-8.0.28-winx64\bin;C:\ProgramData\chocolatey\bin;C:\Program Files\Microsoft SQL Server\130\Tools\Binn\;D:\Program Files\Git\cmd;D:\tools\maven\apache-maven-3.6.1\bin;C:\Program Files\nodejs\;C:\Program Files\nodejs\node_global\node_modules;C:\Users\XQM\AppData\Local\Programs\Python\Python37-32\Scripts\;C:\Users\XQM\AppData\Local\Programs\Python\Python37-32\;C:\Users\XQM\AppData\Local\Microsoft\WindowsApps;D:\AppData\Local\Programs\Microsoft VS Code\bin;D:\JetBrains\IntelliJ IDEA 2023.1.2\bin;;C:\Program Files\nodejs\node_global;
USERNAME=XQM
OS=Windows_NT
PROCESSOR_IDENTIFIER=Intel64 Family 6 Model 142 Stepping 12, GenuineIntel
TMP=C:\Users\XQM\AppData\Local\Temp
TEMP=C:\Users\XQM\AppData\Local\Temp




Periodic native trim disabled

---------------  S Y S T E M  ---------------

OS:
 Windows 11 , 64 bit Build 22621 (10.0.22621.3235)
OS uptime: 1 days 1:26 hours

CPU: total 8 (initial active 8) (4 cores per cpu, 2 threads per core) family 6 model 142 stepping 12 microcode 0xde, cx8, cmov, fxsr, ht, mmx, 3dnowpref, sse, sse2, sse3, ssse3, sse4.1, sse4.2, popcnt, lzcnt, tsc, tscinvbit, avx, avx2, aes, erms, clmul, bmi1, bmi2, adx, fma, vzeroupper, clflush, clflushopt, rdtscp, f16c
Processor Information for all 8 processors :
  Max Mhz: 2112, Current Mhz: 1609, Mhz Limit: 1605

Memory: 4k page, system-wide physical 16212M (4777M free)
TotalPageFile size 16212M (AvailPageFile size 3M)
current process WorkingSet (physical memory assigned to process): 71M, peak: 71M
current process commit charge ("private bytes"): 351M, peak: 351M

vm_info: OpenJDK 64-Bit Server VM (21.0.1+12-29) for windows-amd64 JRE (21.0.1+12-29), built on 2023-10-05T13:27:09Z by "mach5one" with MS VC++ 17.1 (VS2022)

END.
