#
# There is insufficient memory for the Java Runtime Environment to continue.
# Native memory allocation (mmap) failed to map 65536 bytes for Failed to commit metaspace.
# Possible reasons:
#   The system is out of physical RAM or swap space
#   The process is running with CompressedOops enabled, and the Java Heap may be blocking the growth of the native heap
# Possible solutions:
#   Reduce memory load on the system
#   Increase physical memory or swap space
#   Check if swap backing store is full
#   Decrease Java heap size (-Xmx/-Xms)
#   Decrease number of Java threads
#   Decrease Java thread stack sizes (-Xss)
#   Set larger code cache with -XX:ReservedCodeCacheSize=
#   JVM is running with Zero Based Compressed Oops mode in which the Java heap is
#     placed in the first 32GB address space. The Java Heap base address is the
#     maximum limit for the native heap growth. Please use -XX:HeapBaseMinAddress
#     to set the Java Heap base and to place the Java Heap above 32GB virtual address.
# This output file may be truncated or incomplete.
#
#  Out of Memory Error (virtualSpaceNode.cpp:112), pid=8268, tid=17532
#
# JRE version: OpenJDK Runtime Environment (21.0.1+12) (build 21.0.1+12-29)
# Java VM: OpenJDK 64-Bit Server VM (21.0.1+12-29, mixed mode, emulated-client, sharing, tiered, compressed oops, compressed class ptrs, g1 gc, windows-amd64)
# No core dump will be written. Minidumps are not enabled by default on client versions of Windows
#

---------------  S U M M A R Y ------------

Command Line: -agentlib:jdwp=transport=dt_socket,address=127.0.0.1:56272,suspend=y,server=n -XX:TieredStopAtLevel=1 -Dspring.output.ansi.enabled=always -Dcom.sun.management.jmxremote -Dspring.jmx.enabled=true -Dspring.liveBeansView.mbeanDomain -Dspring.application.admin.enabled=true -Dmanagement.endpoints.jmx.exposure.include=* -javaagent:C:\Users\XQM\AppData\Local\JetBrains\IntelliJIdea2023.2\captureAgent\debugger-agent.jar -Dfile.encoding=UTF-8 -Dsun.stdout.encoding=UTF-8 -Dsun.stderr.encoding=UTF-8 com.example.SpringbootApplication

Host: Intel(R) Core(TM) i5-10210U CPU @ 1.60GHz, 8 cores, 15G,  Windows 11 , 64 bit Build 22621 (10.0.22621.3235)
Time: Fri Mar 29 00:50:41 2024  Windows 11 , 64 bit Build 22621 (10.0.22621.3235) elapsed time: 0.656719 seconds (0d 0h 0m 0s)

---------------  T H R E A D  ---------------

Current thread (0x000001f62f013d50):  JavaThread "main"             [_thread_in_vm, id=17532, stack(0x000000dd53b00000,0x000000dd53c00000) (1024K)]

Stack: [0x000000dd53b00000,0x000000dd53c00000]
Native frames: (J=compiled Java code, j=interpreted, Vv=VM code, C=native code)
V  [jvm.dll+0x6c9029]
V  [jvm.dll+0x854b81]
V  [jvm.dll+0x856e5e]
V  [jvm.dll+0x857543]
V  [jvm.dll+0x280c06]
V  [jvm.dll+0x8508ae]
V  [jvm.dll+0x66ca45]
V  [jvm.dll+0x1e677c]
V  [jvm.dll+0x1e654e]
V  [jvm.dll+0x66f35c]
V  [jvm.dll+0x66f172]
V  [jvm.dll+0x66d41e]
V  [jvm.dll+0x26b791]
V  [jvm.dll+0x217b13]
V  [jvm.dll+0x217f95]
V  [jvm.dll+0x2189b1]
V  [jvm.dll+0x20dc4e]
V  [jvm.dll+0x5ac6dc]
V  [jvm.dll+0x21f67a]
V  [jvm.dll+0x7ccde1]
V  [jvm.dll+0x7cde45]
V  [jvm.dll+0x7ce3ef]
V  [jvm.dll+0x7ce098]
V  [jvm.dll+0x26ebdb]
V  [jvm.dll+0x3d36fe]
C  0x000001f638c54034

The last pc belongs to new (printed below).
Java frames: (J=compiled Java code, j=interpreted, Vv=VM code)
j  java.io.ObjectOutputStream.<init>(Ljava/io/OutputStream;)V+14 java.base@21.0.1
j  javax.management.remote.rmi.RMIConnectorServer.encodeJRMPStub(Ljavax/management/remote/rmi/RMIServer;Ljava/util/Map;)Ljava/lang/String;+13 java.management.rmi@21.0.1
j  javax.management.remote.rmi.RMIConnectorServer.encodeStub(Ljavax/management/remote/rmi/RMIServer;Ljava/util/Map;)Ljava/lang/String;+2 java.management.rmi@21.0.1
j  javax.management.remote.rmi.RMIConnectorServer.encodeStubInAddress(Ljavax/management/remote/rmi/RMIServer;Ljava/util/Map;)V+64 java.management.rmi@21.0.1
j  javax.management.remote.rmi.RMIConnectorServer.start()V+460 java.management.rmi@21.0.1
j  sun.management.jmxremote.ConnectorBootstrap.startLocalConnectorServer()Ljavax/management/remote/JMXConnectorServer;+290 jdk.management.agent@21.0.1
j  jdk.internal.agent.Agent.startLocalManagementAgent()V+13 jdk.management.agent@21.0.1
j  jdk.internal.agent.Agent.startAgent(Ljava/util/Properties;)V+58 jdk.management.agent@21.0.1
j  jdk.internal.agent.Agent.startAgent()V+20 jdk.management.agent@21.0.1
v  ~StubRoutines::call_stub 0x000001f638c3100d
new  187 new  [0x000001f638c53ea0, 0x000001f638c54160]  704 bytes
[MachCode]
  0x000001f638c53ea0: 4883 ec08 | c5fa 1104 | 24eb 1f48 | 83ec 10c5 | fb11 0424 | eb14 4883 | ec10 4889 | 0424 48c7 
  0x000001f638c53ec0: 4424 0800 | 0000 00eb | 0150 410f | b755 010f | cac1 ea10 | 488b 4de8 | 488b 4908 | 488b 4908 
  0x000001f638c53ee0: 488b 4108 | 807c 1004 | 070f 85d3 | 0000 0066 | 8b54 d148 | 488b 4928 | 488b 4cd1 | 0851 80b9 
  0x000001f638c53f00: 2001 0000 | 050f 85b6 | 0000 008b | 5108 f6c2 | 010f 85aa | 0000 0049 | 8b87 b801 | 0000 488d 
  0x000001f638c53f20: 1c10 493b | 9fc8 0100 | 000f 8792 | 0000 0049 | 899f b801 | 0000 4883 | ea10 0f84 | 0f00 0000 
  0x000001f638c53f40: 33c9 c1ea | 0348 894c | d008 48ff | ca75 f648 | c700 0100 | 0000 5933 | f689 700c | 49ba 0000 
  0x000001f638c53f60: 0044 f601 | 0000 492b | ca89 4808 | 49ba ca25 | 989f fe7f | 0000 4180 | 3a00 0f84 | 3c00 0000 
  0x000001f638c53f80: 5048 8bc8 | 4883 ec20 | 40f6 c40f | 0f84 1900 | 0000 4883 | ec08 48b8 | 70eb 489f | fe7f 0000 
  0x000001f638c53fa0: ffd0 4883 | c408 e90c | 0000 0048 | b870 eb48 | 9ffe 7f00 | 00ff d048 | 83c4 2058 | e982 0100 
  0x000001f638c53fc0: 0059 488b | 55e8 488b | 5208 488b | 5208 450f | b745 0141 | 0fc8 41c1 | e810 e805 | 0000 00e9 
  0x000001f638c53fe0: 5f01 0000 | 488d 4424 | 084c 896d | c049 8bcf | c5f8 7749 | 89af a803 | 0000 4989 | 8798 0300 
  0x000001f638c54000: 0048 83ec | 2040 f6c4 | 0f0f 8419 | 0000 0048 | 83ec 0848 | b8b0 3613 | 9ffe 7f00 | 00ff d048 
  0x000001f638c54020: 83c4 08e9 | 0c00 0000 | 48b8 b036 | 139f fe7f | 0000 ffd0 | 4883 c420 | 49c7 8798 | 0300 0000 
  0x000001f638c54040: 0000 0049 | c787 a803 | 0000 0000 | 0000 49c7 | 87a0 0300 | 0000 0000 | 00c5 f877 | 418b 8f2c 
  0x000001f638c54060: 0500 00f6 | c101 0f84 | 4200 0000 | f6c1 020f | 8539 0000 | 0048 83ec | 2040 f6c4 | 0f0f 8419 
  0x000001f638c54080: 0000 0048 | 83ec 0848 | b8b0 1313 | 9ffe 7f00 | 00ff d048 | 83c4 08e9 | 0c00 0000 | 48b8 b013 
  0x000001f638c540a0: 139f fe7f | 0000 ffd0 | 4883 c420 | ffe0 498b | 8fd8 0500 | 0048 85c9 | 0f84 5500 | 0000 8b89 
  0x000001f638c540c0: 9c00 0000 | 83f9 010f | 8546 0000 | 0049 8b8f | d805 0000 | 8b89 a000 | 0000 4883 | ec20 40f6 
  0x000001f638c540e0: c40f 0f84 | 1900 0000 | 4883 ec08 | 48b8 a013 | 139f fe7f | 0000 ffd0 | 4883 c408 | e90c 0000 
  0x000001f638c54100: 0048 b8a0 | 1313 9ffe | 7f00 00ff | d048 83c4 | 20ff e049 | 837f 0800 | 0f84 0500 | 0000 e9dd 
  0x000001f638c54120: cdfd ff49 | 8b87 f003 | 0000 49c7 | 87f0 0300 | 0000 0000 | 004c 8b6d | c04c 8b75 | c84e 8d74 
  0x000001f638c54140: f500 c341 | 0fb6 5d03 | 4983 c503 | 49ba 80df | 9a9f fe7f | 0000 41ff | 24da 660f | 1f44 0000 
[/MachCode]

---------------  P R O C E S S  ---------------

Threads class SMR info:
_java_thread_list=0x000001f689b019e0, length=17, elements={
0x000001f62f013d50, 0x000001f643f39520, 0x000001f643f3a440, 0x000001f643f3c3f0,
0x000001f643f3f220, 0x000001f643f410a0, 0x000001f643f45080, 0x000001f643f4c000,
0x000001f643f45710, 0x000001f6890f2a00, 0x000001f6890f5240, 0x000001f689164d70,
0x000001f689188f50, 0x000001f6891659b0, 0x000001f643f45da0, 0x000001f68991ecd0,
0x000001f643f44360
}

Java Threads: ( => current thread )
=>0x000001f62f013d50 JavaThread "main"                              [_thread_in_vm, id=17532, stack(0x000000dd53b00000,0x000000dd53c00000) (1024K)]
  0x000001f643f39520 JavaThread "Reference Handler"          daemon [_thread_blocked, id=11644, stack(0x000000dd54300000,0x000000dd54400000) (1024K)]
  0x000001f643f3a440 JavaThread "Finalizer"                  daemon [_thread_blocked, id=888, stack(0x000000dd54400000,0x000000dd54500000) (1024K)]
  0x000001f643f3c3f0 JavaThread "Signal Dispatcher"          daemon [_thread_blocked, id=7580, stack(0x000000dd54500000,0x000000dd54600000) (1024K)]
  0x000001f643f3f220 JavaThread "Attach Listener"            daemon [_thread_blocked, id=7816, stack(0x000000dd54600000,0x000000dd54700000) (1024K)]
  0x000001f643f410a0 JavaThread "Service Thread"             daemon [_thread_blocked, id=19320, stack(0x000000dd54700000,0x000000dd54800000) (1024K)]
  0x000001f643f45080 JavaThread "Monitor Deflation Thread"   daemon [_thread_blocked, id=2716, stack(0x000000dd54800000,0x000000dd54900000) (1024K)]
  0x000001f643f4c000 JavaThread "C1 CompilerThread0"         daemon [_thread_blocked, id=13388, stack(0x000000dd54900000,0x000000dd54a00000) (1024K)]
  0x000001f643f45710 JavaThread "Common-Cleaner"             daemon [_thread_blocked, id=14836, stack(0x000000dd54a00000,0x000000dd54b00000) (1024K)]
  0x000001f6890f2a00 JavaThread "C1 CompilerThread1"         daemon [_thread_blocked, id=11272, stack(0x000000dd54b00000,0x000000dd54c00000) (1024K)]
  0x000001f6890f5240 JavaThread "C1 CompilerThread2"         daemon [_thread_blocked, id=1968, stack(0x000000dd54c00000,0x000000dd54d00000) (1024K)]
  0x000001f689164d70 JavaThread "JDWP Transport Listener: dt_socket" daemon [_thread_blocked, id=8180, stack(0x000000dd54d00000,0x000000dd54e00000) (1024K)]
  0x000001f689188f50 JavaThread "JDWP Event Helper Thread"   daemon [_thread_blocked, id=18000, stack(0x000000dd54e00000,0x000000dd54f00000) (1024K)]
  0x000001f6891659b0 JavaThread "JDWP Command Reader"        daemon [_thread_in_native, id=2920, stack(0x000000dd54f00000,0x000000dd55000000) (1024K)]
  0x000001f643f45da0 JavaThread "Notification Thread"        daemon [_thread_blocked, id=6504, stack(0x000000dd55000000,0x000000dd55100000) (1024K)]
  0x000001f68991ecd0 JavaThread "C1 CompilerThread3"         daemon [_thread_blocked, id=13460, stack(0x000000dd55100000,0x000000dd55200000) (1024K)]
  0x000001f643f44360 JavaThread "RMI TCP Accept-0"           daemon [_thread_in_native, id=14892, stack(0x000000dd55200000,0x000000dd55300000) (1024K)]
Total: 17

Other Threads:
  0x000001f643f19630 VMThread "VM Thread"                           [id=1124, stack(0x000000dd54200000,0x000000dd54300000) (1024K)]
  0x000001f643f05360 WatcherThread "VM Periodic Task Thread"        [id=17168, stack(0x000000dd54100000,0x000000dd54200000) (1024K)]
  0x000001f62f07bf30 WorkerThread "GC Thread#0"                     [id=3904, stack(0x000000dd53c00000,0x000000dd53d00000) (1024K)]
  0x000001f62f08d430 ConcurrentGCThread "G1 Main Marker"            [id=14436, stack(0x000000dd53d00000,0x000000dd53e00000) (1024K)]
  0x000001f62f08e880 WorkerThread "G1 Conc#0"                       [id=2776, stack(0x000000dd53e00000,0x000000dd53f00000) (1024K)]
  0x000001f643dd5990 ConcurrentGCThread "G1 Refine#0"               [id=7096, stack(0x000000dd53f00000,0x000000dd54000000) (1024K)]
  0x000001f643dd7510 ConcurrentGCThread "G1 Service"                [id=3436, stack(0x000000dd54000000,0x000000dd54100000) (1024K)]
Total: 7

Threads with active compile tasks:
Total: 0

VM state: not at safepoint (normal execution)

VM Mutex/Monitor currently owned by a thread:  ([mutex/lock_event])
[0x00007ffe9f998578] Metaspace_lock - owner thread: 0x000001f62f013d50

Heap address: 0x0000000702a00000, size: 4054 MB, Compressed Oops mode: Zero based, Oop shift amount: 3

CDS archive(s) mapped at: [0x000001f644000000-0x000001f644c90000-0x000001f644c90000), size 13172736, SharedBaseAddress: 0x000001f644000000, ArchiveRelocationMode: 1.
Compressed class space mapped at: 0x000001f645000000-0x000001f685000000, reserved size: 1073741824
Narrow klass base: 0x000001f644000000, Narrow klass shift: 0, Narrow klass range: 0x100000000

GC Precious Log:
 CardTable entry size: 512
 Card Set container configuration: InlinePtr #cards 4 size 8 Array Of Cards #cards 16 size 48 Howl #buckets 8 coarsen threshold 3686 Howl Bitmap #cards 512 size 80 coarsen threshold 460 Card regions per heap region 1 cards per card region 4096
 CPUs: 8 total, 8 available
 Memory: 16212M
 Large Page Support: Disabled
 NUMA Support: Disabled
 Compressed Oops: Enabled (Zero based)
 Heap Region Size: 2M
 Heap Min Capacity: 8M
 Heap Initial Capacity: 254M
 Heap Max Capacity: 4054M
 Pre-touch: Disabled
 Parallel Workers: 8
 Concurrent Workers: 2
 Concurrent Refinement Workers: 8
 Periodic GC: Disabled

Heap:
 garbage-first heap   total 260096K, used 16384K [0x0000000702a00000, 0x0000000800000000)
  region size 2048K, 10 young (20480K), 0 survivors (0K)
 Metaspace       used 4712K, committed 4864K, reserved 1114112K
  class space    used 552K, committed 640K, reserved 1048576K

Heap Regions: E=young(eden), S=young(survivor), O=old, HS=humongous(starts), HC=humongous(continues), CS=collection set, F=free, TAMS=top-at-mark-start, PB=parsable bottom
|   0|0x0000000702a00000, 0x0000000702a00000, 0x0000000702c00000|  0%| F|  |TAMS 0x0000000702a00000| PB 0x0000000702a00000| Untracked 
|   1|0x0000000702c00000, 0x0000000702c00000, 0x0000000702e00000|  0%| F|  |TAMS 0x0000000702c00000| PB 0x0000000702c00000| Untracked 
|   2|0x0000000702e00000, 0x0000000702e00000, 0x0000000703000000|  0%| F|  |TAMS 0x0000000702e00000| PB 0x0000000702e00000| Untracked 
|   3|0x0000000703000000, 0x0000000703000000, 0x0000000703200000|  0%| F|  |TAMS 0x0000000703000000| PB 0x0000000703000000| Untracked 
|   4|0x0000000703200000, 0x0000000703200000, 0x0000000703400000|  0%| F|  |TAMS 0x0000000703200000| PB 0x0000000703200000| Untracked 
|   5|0x0000000703400000, 0x0000000703400000, 0x0000000703600000|  0%| F|  |TAMS 0x0000000703400000| PB 0x0000000703400000| Untracked 
|   6|0x0000000703600000, 0x0000000703600000, 0x0000000703800000|  0%| F|  |TAMS 0x0000000703600000| PB 0x0000000703600000| Untracked 
|   7|0x0000000703800000, 0x0000000703800000, 0x0000000703a00000|  0%| F|  |TAMS 0x0000000703800000| PB 0x0000000703800000| Untracked 
|   8|0x0000000703a00000, 0x0000000703a00000, 0x0000000703c00000|  0%| F|  |TAMS 0x0000000703a00000| PB 0x0000000703a00000| Untracked 
|   9|0x0000000703c00000, 0x0000000703c00000, 0x0000000703e00000|  0%| F|  |TAMS 0x0000000703c00000| PB 0x0000000703c00000| Untracked 
|  10|0x0000000703e00000, 0x0000000703e00000, 0x0000000704000000|  0%| F|  |TAMS 0x0000000703e00000| PB 0x0000000703e00000| Untracked 
|  11|0x0000000704000000, 0x0000000704000000, 0x0000000704200000|  0%| F|  |TAMS 0x0000000704000000| PB 0x0000000704000000| Untracked 
|  12|0x0000000704200000, 0x0000000704200000, 0x0000000704400000|  0%| F|  |TAMS 0x0000000704200000| PB 0x0000000704200000| Untracked 
|  13|0x0000000704400000, 0x0000000704400000, 0x0000000704600000|  0%| F|  |TAMS 0x0000000704400000| PB 0x0000000704400000| Untracked 
|  14|0x0000000704600000, 0x0000000704600000, 0x0000000704800000|  0%| F|  |TAMS 0x0000000704600000| PB 0x0000000704600000| Untracked 
|  15|0x0000000704800000, 0x0000000704800000, 0x0000000704a00000|  0%| F|  |TAMS 0x0000000704800000| PB 0x0000000704800000| Untracked 
|  16|0x0000000704a00000, 0x0000000704a00000, 0x0000000704c00000|  0%| F|  |TAMS 0x0000000704a00000| PB 0x0000000704a00000| Untracked 
|  17|0x0000000704c00000, 0x0000000704c00000, 0x0000000704e00000|  0%| F|  |TAMS 0x0000000704c00000| PB 0x0000000704c00000| Untracked 
|  18|0x0000000704e00000, 0x0000000704e00000, 0x0000000705000000|  0%| F|  |TAMS 0x0000000704e00000| PB 0x0000000704e00000| Untracked 
|  19|0x0000000705000000, 0x0000000705000000, 0x0000000705200000|  0%| F|  |TAMS 0x0000000705000000| PB 0x0000000705000000| Untracked 
|  20|0x0000000705200000, 0x0000000705200000, 0x0000000705400000|  0%| F|  |TAMS 0x0000000705200000| PB 0x0000000705200000| Untracked 
|  21|0x0000000705400000, 0x0000000705400000, 0x0000000705600000|  0%| F|  |TAMS 0x0000000705400000| PB 0x0000000705400000| Untracked 
|  22|0x0000000705600000, 0x0000000705600000, 0x0000000705800000|  0%| F|  |TAMS 0x0000000705600000| PB 0x0000000705600000| Untracked 
|  23|0x0000000705800000, 0x0000000705800000, 0x0000000705a00000|  0%| F|  |TAMS 0x0000000705800000| PB 0x0000000705800000| Untracked 
|  24|0x0000000705a00000, 0x0000000705a00000, 0x0000000705c00000|  0%| F|  |TAMS 0x0000000705a00000| PB 0x0000000705a00000| Untracked 
|  25|0x0000000705c00000, 0x0000000705c00000, 0x0000000705e00000|  0%| F|  |TAMS 0x0000000705c00000| PB 0x0000000705c00000| Untracked 
|  26|0x0000000705e00000, 0x0000000705e00000, 0x0000000706000000|  0%| F|  |TAMS 0x0000000705e00000| PB 0x0000000705e00000| Untracked 
|  27|0x0000000706000000, 0x0000000706000000, 0x0000000706200000|  0%| F|  |TAMS 0x0000000706000000| PB 0x0000000706000000| Untracked 
|  28|0x0000000706200000, 0x0000000706200000, 0x0000000706400000|  0%| F|  |TAMS 0x0000000706200000| PB 0x0000000706200000| Untracked 
|  29|0x0000000706400000, 0x0000000706400000, 0x0000000706600000|  0%| F|  |TAMS 0x0000000706400000| PB 0x0000000706400000| Untracked 
|  30|0x0000000706600000, 0x0000000706600000, 0x0000000706800000|  0%| F|  |TAMS 0x0000000706600000| PB 0x0000000706600000| Untracked 
|  31|0x0000000706800000, 0x0000000706800000, 0x0000000706a00000|  0%| F|  |TAMS 0x0000000706800000| PB 0x0000000706800000| Untracked 
|  32|0x0000000706a00000, 0x0000000706a00000, 0x0000000706c00000|  0%| F|  |TAMS 0x0000000706a00000| PB 0x0000000706a00000| Untracked 
|  33|0x0000000706c00000, 0x0000000706c00000, 0x0000000706e00000|  0%| F|  |TAMS 0x0000000706c00000| PB 0x0000000706c00000| Untracked 
|  34|0x0000000706e00000, 0x0000000706e00000, 0x0000000707000000|  0%| F|  |TAMS 0x0000000706e00000| PB 0x0000000706e00000| Untracked 
|  35|0x0000000707000000, 0x0000000707000000, 0x0000000707200000|  0%| F|  |TAMS 0x0000000707000000| PB 0x0000000707000000| Untracked 
|  36|0x0000000707200000, 0x0000000707200000, 0x0000000707400000|  0%| F|  |TAMS 0x0000000707200000| PB 0x0000000707200000| Untracked 
|  37|0x0000000707400000, 0x0000000707400000, 0x0000000707600000|  0%| F|  |TAMS 0x0000000707400000| PB 0x0000000707400000| Untracked 
|  38|0x0000000707600000, 0x0000000707600000, 0x0000000707800000|  0%| F|  |TAMS 0x0000000707600000| PB 0x0000000707600000| Untracked 
|  39|0x0000000707800000, 0x0000000707800000, 0x0000000707a00000|  0%| F|  |TAMS 0x0000000707800000| PB 0x0000000707800000| Untracked 
|  40|0x0000000707a00000, 0x0000000707a00000, 0x0000000707c00000|  0%| F|  |TAMS 0x0000000707a00000| PB 0x0000000707a00000| Untracked 
|  41|0x0000000707c00000, 0x0000000707c00000, 0x0000000707e00000|  0%| F|  |TAMS 0x0000000707c00000| PB 0x0000000707c00000| Untracked 
|  42|0x0000000707e00000, 0x0000000707e00000, 0x0000000708000000|  0%| F|  |TAMS 0x0000000707e00000| PB 0x0000000707e00000| Untracked 
|  43|0x0000000708000000, 0x0000000708000000, 0x0000000708200000|  0%| F|  |TAMS 0x0000000708000000| PB 0x0000000708000000| Untracked 
|  44|0x0000000708200000, 0x0000000708200000, 0x0000000708400000|  0%| F|  |TAMS 0x0000000708200000| PB 0x0000000708200000| Untracked 
|  45|0x0000000708400000, 0x0000000708400000, 0x0000000708600000|  0%| F|  |TAMS 0x0000000708400000| PB 0x0000000708400000| Untracked 
|  46|0x0000000708600000, 0x0000000708600000, 0x0000000708800000|  0%| F|  |TAMS 0x0000000708600000| PB 0x0000000708600000| Untracked 
|  47|0x0000000708800000, 0x0000000708800000, 0x0000000708a00000|  0%| F|  |TAMS 0x0000000708800000| PB 0x0000000708800000| Untracked 
|  48|0x0000000708a00000, 0x0000000708a00000, 0x0000000708c00000|  0%| F|  |TAMS 0x0000000708a00000| PB 0x0000000708a00000| Untracked 
|  49|0x0000000708c00000, 0x0000000708c00000, 0x0000000708e00000|  0%| F|  |TAMS 0x0000000708c00000| PB 0x0000000708c00000| Untracked 
|  50|0x0000000708e00000, 0x0000000708e00000, 0x0000000709000000|  0%| F|  |TAMS 0x0000000708e00000| PB 0x0000000708e00000| Untracked 
|  51|0x0000000709000000, 0x0000000709000000, 0x0000000709200000|  0%| F|  |TAMS 0x0000000709000000| PB 0x0000000709000000| Untracked 
|  52|0x0000000709200000, 0x0000000709200000, 0x0000000709400000|  0%| F|  |TAMS 0x0000000709200000| PB 0x0000000709200000| Untracked 
|  53|0x0000000709400000, 0x0000000709400000, 0x0000000709600000|  0%| F|  |TAMS 0x0000000709400000| PB 0x0000000709400000| Untracked 
|  54|0x0000000709600000, 0x0000000709600000, 0x0000000709800000|  0%| F|  |TAMS 0x0000000709600000| PB 0x0000000709600000| Untracked 
|  55|0x0000000709800000, 0x0000000709800000, 0x0000000709a00000|  0%| F|  |TAMS 0x0000000709800000| PB 0x0000000709800000| Untracked 
|  56|0x0000000709a00000, 0x0000000709a00000, 0x0000000709c00000|  0%| F|  |TAMS 0x0000000709a00000| PB 0x0000000709a00000| Untracked 
|  57|0x0000000709c00000, 0x0000000709c00000, 0x0000000709e00000|  0%| F|  |TAMS 0x0000000709c00000| PB 0x0000000709c00000| Untracked 
|  58|0x0000000709e00000, 0x0000000709e00000, 0x000000070a000000|  0%| F|  |TAMS 0x0000000709e00000| PB 0x0000000709e00000| Untracked 
|  59|0x000000070a000000, 0x000000070a000000, 0x000000070a200000|  0%| F|  |TAMS 0x000000070a000000| PB 0x000000070a000000| Untracked 
|  60|0x000000070a200000, 0x000000070a200000, 0x000000070a400000|  0%| F|  |TAMS 0x000000070a200000| PB 0x000000070a200000| Untracked 
|  61|0x000000070a400000, 0x000000070a400000, 0x000000070a600000|  0%| F|  |TAMS 0x000000070a400000| PB 0x000000070a400000| Untracked 
|  62|0x000000070a600000, 0x000000070a600000, 0x000000070a800000|  0%| F|  |TAMS 0x000000070a600000| PB 0x000000070a600000| Untracked 
|  63|0x000000070a800000, 0x000000070a800000, 0x000000070aa00000|  0%| F|  |TAMS 0x000000070a800000| PB 0x000000070a800000| Untracked 
|  64|0x000000070aa00000, 0x000000070aa00000, 0x000000070ac00000|  0%| F|  |TAMS 0x000000070aa00000| PB 0x000000070aa00000| Untracked 
|  65|0x000000070ac00000, 0x000000070ac00000, 0x000000070ae00000|  0%| F|  |TAMS 0x000000070ac00000| PB 0x000000070ac00000| Untracked 
|  66|0x000000070ae00000, 0x000000070ae00000, 0x000000070b000000|  0%| F|  |TAMS 0x000000070ae00000| PB 0x000000070ae00000| Untracked 
|  67|0x000000070b000000, 0x000000070b000000, 0x000000070b200000|  0%| F|  |TAMS 0x000000070b000000| PB 0x000000070b000000| Untracked 
|  68|0x000000070b200000, 0x000000070b200000, 0x000000070b400000|  0%| F|  |TAMS 0x000000070b200000| PB 0x000000070b200000| Untracked 
|  69|0x000000070b400000, 0x000000070b400000, 0x000000070b600000|  0%| F|  |TAMS 0x000000070b400000| PB 0x000000070b400000| Untracked 
|  70|0x000000070b600000, 0x000000070b600000, 0x000000070b800000|  0%| F|  |TAMS 0x000000070b600000| PB 0x000000070b600000| Untracked 
|  71|0x000000070b800000, 0x000000070b800000, 0x000000070ba00000|  0%| F|  |TAMS 0x000000070b800000| PB 0x000000070b800000| Untracked 
|  72|0x000000070ba00000, 0x000000070ba00000, 0x000000070bc00000|  0%| F|  |TAMS 0x000000070ba00000| PB 0x000000070ba00000| Untracked 
|  73|0x000000070bc00000, 0x000000070bc00000, 0x000000070be00000|  0%| F|  |TAMS 0x000000070bc00000| PB 0x000000070bc00000| Untracked 
|  74|0x000000070be00000, 0x000000070be00000, 0x000000070c000000|  0%| F|  |TAMS 0x000000070be00000| PB 0x000000070be00000| Untracked 
|  75|0x000000070c000000, 0x000000070c000000, 0x000000070c200000|  0%| F|  |TAMS 0x000000070c000000| PB 0x000000070c000000| Untracked 
|  76|0x000000070c200000, 0x000000070c200000, 0x000000070c400000|  0%| F|  |TAMS 0x000000070c200000| PB 0x000000070c200000| Untracked 
|  77|0x000000070c400000, 0x000000070c400000, 0x000000070c600000|  0%| F|  |TAMS 0x000000070c400000| PB 0x000000070c400000| Untracked 
|  78|0x000000070c600000, 0x000000070c600000, 0x000000070c800000|  0%| F|  |TAMS 0x000000070c600000| PB 0x000000070c600000| Untracked 
|  79|0x000000070c800000, 0x000000070c800000, 0x000000070ca00000|  0%| F|  |TAMS 0x000000070c800000| PB 0x000000070c800000| Untracked 
|  80|0x000000070ca00000, 0x000000070ca00000, 0x000000070cc00000|  0%| F|  |TAMS 0x000000070ca00000| PB 0x000000070ca00000| Untracked 
|  81|0x000000070cc00000, 0x000000070cc00000, 0x000000070ce00000|  0%| F|  |TAMS 0x000000070cc00000| PB 0x000000070cc00000| Untracked 
|  82|0x000000070ce00000, 0x000000070ce00000, 0x000000070d000000|  0%| F|  |TAMS 0x000000070ce00000| PB 0x000000070ce00000| Untracked 
|  83|0x000000070d000000, 0x000000070d000000, 0x000000070d200000|  0%| F|  |TAMS 0x000000070d000000| PB 0x000000070d000000| Untracked 
|  84|0x000000070d200000, 0x000000070d200000, 0x000000070d400000|  0%| F|  |TAMS 0x000000070d200000| PB 0x000000070d200000| Untracked 
|  85|0x000000070d400000, 0x000000070d400000, 0x000000070d600000|  0%| F|  |TAMS 0x000000070d400000| PB 0x000000070d400000| Untracked 
|  86|0x000000070d600000, 0x000000070d600000, 0x000000070d800000|  0%| F|  |TAMS 0x000000070d600000| PB 0x000000070d600000| Untracked 
|  87|0x000000070d800000, 0x000000070d800000, 0x000000070da00000|  0%| F|  |TAMS 0x000000070d800000| PB 0x000000070d800000| Untracked 
|  88|0x000000070da00000, 0x000000070da00000, 0x000000070dc00000|  0%| F|  |TAMS 0x000000070da00000| PB 0x000000070da00000| Untracked 
|  89|0x000000070dc00000, 0x000000070dc00000, 0x000000070de00000|  0%| F|  |TAMS 0x000000070dc00000| PB 0x000000070dc00000| Untracked 
|  90|0x000000070de00000, 0x000000070de00000, 0x000000070e000000|  0%| F|  |TAMS 0x000000070de00000| PB 0x000000070de00000| Untracked 
|  91|0x000000070e000000, 0x000000070e000000, 0x000000070e200000|  0%| F|  |TAMS 0x000000070e000000| PB 0x000000070e000000| Untracked 
|  92|0x000000070e200000, 0x000000070e200000, 0x000000070e400000|  0%| F|  |TAMS 0x000000070e200000| PB 0x000000070e200000| Untracked 
|  93|0x000000070e400000, 0x000000070e400000, 0x000000070e600000|  0%| F|  |TAMS 0x000000070e400000| PB 0x000000070e400000| Untracked 
|  94|0x000000070e600000, 0x000000070e600000, 0x000000070e800000|  0%| F|  |TAMS 0x000000070e600000| PB 0x000000070e600000| Untracked 
|  95|0x000000070e800000, 0x000000070e800000, 0x000000070ea00000|  0%| F|  |TAMS 0x000000070e800000| PB 0x000000070e800000| Untracked 
|  96|0x000000070ea00000, 0x000000070ea00000, 0x000000070ec00000|  0%| F|  |TAMS 0x000000070ea00000| PB 0x000000070ea00000| Untracked 
|  97|0x000000070ec00000, 0x000000070ec00000, 0x000000070ee00000|  0%| F|  |TAMS 0x000000070ec00000| PB 0x000000070ec00000| Untracked 
|  98|0x000000070ee00000, 0x000000070ee00000, 0x000000070f000000|  0%| F|  |TAMS 0x000000070ee00000| PB 0x000000070ee00000| Untracked 
|  99|0x000000070f000000, 0x000000070f000000, 0x000000070f200000|  0%| F|  |TAMS 0x000000070f000000| PB 0x000000070f000000| Untracked 
| 100|0x000000070f200000, 0x000000070f200000, 0x000000070f400000|  0%| F|  |TAMS 0x000000070f200000| PB 0x000000070f200000| Untracked 
| 101|0x000000070f400000, 0x000000070f400000, 0x000000070f600000|  0%| F|  |TAMS 0x000000070f400000| PB 0x000000070f400000| Untracked 
| 102|0x000000070f600000, 0x000000070f600000, 0x000000070f800000|  0%| F|  |TAMS 0x000000070f600000| PB 0x000000070f600000| Untracked 
| 103|0x000000070f800000, 0x000000070f800000, 0x000000070fa00000|  0%| F|  |TAMS 0x000000070f800000| PB 0x000000070f800000| Untracked 
| 104|0x000000070fa00000, 0x000000070fa00000, 0x000000070fc00000|  0%| F|  |TAMS 0x000000070fa00000| PB 0x000000070fa00000| Untracked 
| 105|0x000000070fc00000, 0x000000070fc00000, 0x000000070fe00000|  0%| F|  |TAMS 0x000000070fc00000| PB 0x000000070fc00000| Untracked 
| 106|0x000000070fe00000, 0x000000070fe00000, 0x0000000710000000|  0%| F|  |TAMS 0x000000070fe00000| PB 0x000000070fe00000| Untracked 
| 107|0x0000000710000000, 0x0000000710000000, 0x0000000710200000|  0%| F|  |TAMS 0x0000000710000000| PB 0x0000000710000000| Untracked 
| 108|0x0000000710200000, 0x0000000710200000, 0x0000000710400000|  0%| F|  |TAMS 0x0000000710200000| PB 0x0000000710200000| Untracked 
| 109|0x0000000710400000, 0x0000000710400000, 0x0000000710600000|  0%| F|  |TAMS 0x0000000710400000| PB 0x0000000710400000| Untracked 
| 110|0x0000000710600000, 0x0000000710600000, 0x0000000710800000|  0%| F|  |TAMS 0x0000000710600000| PB 0x0000000710600000| Untracked 
| 111|0x0000000710800000, 0x0000000710800000, 0x0000000710a00000|  0%| F|  |TAMS 0x0000000710800000| PB 0x0000000710800000| Untracked 
| 112|0x0000000710a00000, 0x0000000710a00000, 0x0000000710c00000|  0%| F|  |TAMS 0x0000000710a00000| PB 0x0000000710a00000| Untracked 
| 113|0x0000000710c00000, 0x0000000710c00000, 0x0000000710e00000|  0%| F|  |TAMS 0x0000000710c00000| PB 0x0000000710c00000| Untracked 
| 114|0x0000000710e00000, 0x0000000710e00000, 0x0000000711000000|  0%| F|  |TAMS 0x0000000710e00000| PB 0x0000000710e00000| Untracked 
| 115|0x0000000711000000, 0x0000000711000000, 0x0000000711200000|  0%| F|  |TAMS 0x0000000711000000| PB 0x0000000711000000| Untracked 
| 116|0x0000000711200000, 0x0000000711200000, 0x0000000711400000|  0%| F|  |TAMS 0x0000000711200000| PB 0x0000000711200000| Untracked 
| 117|0x0000000711400000, 0x00000007115557c0, 0x0000000711600000| 66%| E|  |TAMS 0x0000000711400000| PB 0x0000000711400000| Complete 
| 118|0x0000000711600000, 0x0000000711800000, 0x0000000711800000|100%| E|CS|TAMS 0x0000000711600000| PB 0x0000000711600000| Complete 
| 119|0x0000000711800000, 0x0000000711a00000, 0x0000000711a00000|100%| E|CS|TAMS 0x0000000711800000| PB 0x0000000711800000| Complete 
| 120|0x0000000711a00000, 0x0000000711c00000, 0x0000000711c00000|100%| E|CS|TAMS 0x0000000711a00000| PB 0x0000000711a00000| Complete 
| 121|0x0000000711c00000, 0x0000000711e00000, 0x0000000711e00000|100%| E|CS|TAMS 0x0000000711c00000| PB 0x0000000711c00000| Complete 
| 122|0x0000000711e00000, 0x0000000712000000, 0x0000000712000000|100%| E|CS|TAMS 0x0000000711e00000| PB 0x0000000711e00000| Complete 
| 123|0x0000000712000000, 0x0000000712200000, 0x0000000712200000|100%| E|  |TAMS 0x0000000712000000| PB 0x0000000712000000| Complete 
| 124|0x0000000712200000, 0x0000000712400000, 0x0000000712400000|100%| E|CS|TAMS 0x0000000712200000| PB 0x0000000712200000| Complete 
| 125|0x0000000712400000, 0x0000000712600000, 0x0000000712600000|100%| E|CS|TAMS 0x0000000712400000| PB 0x0000000712400000| Complete 
| 126|0x0000000712600000, 0x0000000712800000, 0x0000000712800000|100%| E|CS|TAMS 0x0000000712600000| PB 0x0000000712600000| Complete 

Card table byte_map: [0x000001f63cd10000,0x000001f63d500000] _byte_map_base: 0x000001f6394fb000

Marking Bits: (CMBitMap*) 0x000001f62f07cc50
 Bits: [0x000001f63d500000, 0x000001f641458000)

Polling page: 0x000001f62f0d0000

Metaspace:

Usage:
  Non-class:      4.06 MB used.
      Class:    552.41 KB used.
       Both:      4.60 MB used.

Virtual space:
  Non-class space:       64.00 MB reserved,       4.12 MB (  6%) committed,  1 nodes.
      Class space:        1.00 GB reserved,     640.00 KB ( <1%) committed,  1 nodes.
             Both:        1.06 GB reserved,       4.75 MB ( <1%) committed. 

Chunk freelists:
   Non-Class:  10.90 MB
       Class:  15.25 MB
        Both:  26.15 MB

MaxMetaspaceSize: unlimited
CompressedClassSpaceSize: 1.00 GB
Initial GC threshold: 21.00 MB
Current GC threshold: 21.00 MB
CDS: on
 - commit_granule_bytes: 65536.
 - commit_granule_words: 8192.
 - virtual_space_node_default_size: 8388608.
 - enlarge_chunks_in_place: 1.
 - use_allocation_guard: 0.


Internal statistics:

num_allocs_failed_limit: 0.
num_arena_births: 102.
num_arena_deaths: 0.
num_vsnodes_births: 2.
num_vsnodes_deaths: 0.
num_space_committed: 76.
num_space_uncommitted: 0.
num_chunks_returned_to_freelist: 0.
num_chunks_taken_from_freelist: 109.
num_chunk_merges: 0.
num_chunk_splits: 77.
num_chunks_enlarged: 48.
num_inconsistent_stats: 0.

CodeCache: size=49152Kb used=4481Kb max_used=4481Kb free=44670Kb
 bounds [0x000001f638c30000, 0x000001f6390a0000, 0x000001f63bc30000]
 total_blobs=1488 nmethods=1033 adapters=377
 compilation: enabled
              stopped_count=0, restarted_count=0
 full_count=0

Compilation events (20 events):
Event: 0.634 Thread 0x000001f6890f2a00 nmethod 1024 0x000001f639086f90 code [0x000001f639087320, 0x000001f639087f70]
Event: 0.635 Thread 0x000001f6890f2a00 1025   !   1       com.intellij.rt.debugger.agent.CollectionBreakpointInstrumentor$CollectionBreakpointTransformer::transform (109 bytes)
Event: 0.636 Thread 0x000001f6890f5240 nmethod 1020 0x000001f639088c90 code [0x000001f639089240, 0x000001f63908a7f0]
Event: 0.636 Thread 0x000001f6890f2a00 nmethod 1025 0x000001f63908bb90 code [0x000001f63908be40, 0x000001f63908c558]
Event: 0.636 Thread 0x000001f6890f2a00 1026       1       java.lang.invoke.MethodHandleNatives::isCallerSensitive (29 bytes)
Event: 0.636 Thread 0x000001f643f4c000 1027       1       java.lang.invoke.MethodHandleNatives::canBeCalledVirtual (49 bytes)
Event: 0.636 Thread 0x000001f6890f2a00 nmethod 1026 0x000001f63908cb90 code [0x000001f63908cd40, 0x000001f63908ceb0]
Event: 0.636 Thread 0x000001f643f4c000 nmethod 1027 0x000001f63908cf90 code [0x000001f63908d160, 0x000001f63908d338]
Event: 0.641 Thread 0x000001f643f4c000 1028       1       java.lang.invoke.AbstractValidatingLambdaMetafactory::isAdaptableTo (126 bytes)
Event: 0.641 Thread 0x000001f643f4c000 nmethod 1028 0x000001f63908d490 code [0x000001f63908d6e0, 0x000001f63908db78]
Event: 0.642 Thread 0x000001f643f4c000 1029       1       java.lang.invoke.MethodHandleNatives::isPullModeBSM (2 bytes)
Event: 0.642 Thread 0x000001f6890f5240 1030       1       jdk.internal.org.objectweb.asm.SymbolTable::getConstantPoolCount (5 bytes)
Event: 0.642 Thread 0x000001f643f4c000 nmethod 1029 0x000001f63908df10 code [0x000001f63908e0a0, 0x000001f63908e148]
Event: 0.642 Thread 0x000001f6890f5240 nmethod 1030 0x000001f63908e210 code [0x000001f63908e3a0, 0x000001f63908e468]
Event: 0.642 Thread 0x000001f6890f5240 1031       1       java.lang.invoke.DirectMethodHandle$Constructor::<init> (44 bytes)
Event: 0.642 Thread 0x000001f6890f2a00 1032       1       java.lang.invoke.ConstantCallSite::getTarget (20 bytes)
Event: 0.642 Thread 0x000001f6890f5240 nmethod 1031 0x000001f63908e510 code [0x000001f63908e6c0, 0x000001f63908e898]
Event: 0.642 Thread 0x000001f6890f2a00 nmethod 1032 0x000001f63908e910 code [0x000001f63908eac0, 0x000001f63908ec50]
Event: 0.650 Thread 0x000001f6890f2a00 1033       1       java.lang.invoke.MethodHandle::isBuiltinLoader (24 bytes)
Event: 0.650 Thread 0x000001f6890f2a00 nmethod 1033 0x000001f63908fa90 code [0x000001f63908fc20, 0x000001f63908fd10]

GC Heap History (0 events):
No events

Dll operation events (10 events):
Event: 0.014 Loaded shared library C:\Users\XQM\.jdks\openjdk-21.0.1\bin\java.dll
Event: 0.017 Loaded shared library C:\Users\XQM\.jdks\openjdk-21.0.1\bin\zip.dll
Event: 0.229 Loaded shared library C:\Users\XQM\.jdks\openjdk-21.0.1\bin\instrument.dll
Event: 0.253 Loaded shared library C:\Users\XQM\.jdks\openjdk-21.0.1\bin\jimage.dll
Event: 0.264 Loaded shared library C:\Users\XQM\.jdks\openjdk-21.0.1\bin\net.dll
Event: 0.266 Loaded shared library C:\Users\XQM\.jdks\openjdk-21.0.1\bin\nio.dll
Event: 0.273 Loaded shared library C:\Users\XQM\.jdks\openjdk-21.0.1\bin\zip.dll
Event: 0.347 Loaded shared library C:\Users\XQM\.jdks\openjdk-21.0.1\bin\management.dll
Event: 0.365 Loaded shared library C:\Users\XQM\.jdks\openjdk-21.0.1\bin\management_ext.dll
Event: 0.650 Loaded shared library C:\Users\XQM\.jdks\openjdk-21.0.1\bin\extnet.dll

Deoptimization events (4 events):
Event: 0.514 Thread 0x000001f62f013d50 DEOPT PACKING pc=0x000001f638f8c8dd sp=0x000000dd53bfd4f0
Event: 0.514 Thread 0x000001f62f013d50 DEOPT UNPACKING pc=0x000001f638c84e42 sp=0x000000dd53bfc9a0 mode 3
Event: 0.527 Thread 0x000001f62f013d50 DEOPT PACKING pc=0x000001f639033de3 sp=0x000000dd53bfd3a0
Event: 0.527 Thread 0x000001f62f013d50 DEOPT UNPACKING pc=0x000001f638c84e42 sp=0x000000dd53bfc858 mode 3

Classes loaded (20 events):
Event: 0.652 Loading class sun/rmi/runtime/NewThreadAction$2 done
Event: 0.652 Loading class sun/rmi/transport/tcp/TCPTransport$AcceptLoop
Event: 0.652 Loading class sun/rmi/transport/tcp/TCPTransport$AcceptLoop done
Event: 0.652 Loading class sun/rmi/server/WeakClassHashMap$ValueCell
Event: 0.652 Loading class sun/rmi/server/WeakClassHashMap$ValueCell done
Event: 0.652 Loading class sun/rmi/server/UnicastServerRef$HashToMethod_Maps$1
Event: 0.652 Loading class java/net/Socket
Event: 0.652 Loading class sun/rmi/server/UnicastServerRef$HashToMethod_Maps$1 done
Event: 0.652 Loading class java/io/DataOutputStream
Event: 0.653 Loading class java/io/DataOutputStream done
Event: 0.653 Loading class java/net/Socket done
Event: 0.653 Loading class java/security/DigestOutputStream
Event: 0.653 Loading class java/security/DigestOutputStream done
Event: 0.654 Loading class java/io/ObjectOutputStream
Event: 0.654 Loading class java/io/ObjectOutput
Event: 0.654 Loading class java/io/ObjectOutput done
Event: 0.654 Loading class java/io/ObjectStreamConstants
Event: 0.654 Loading class java/io/ObjectStreamConstants done
Event: 0.654 Loading class java/io/ObjectOutputStream done
Event: 0.654 Loading class java/io/ObjectOutputStream$BlockDataOutputStream

Classes unloaded (0 events):
No events

Classes redefined (0 events):
No events

Internal exceptions (11 events):
Event: 0.231 Thread 0x000001f62f013d50 Exception <a 'java/lang/NoSuchMethodError'{0x0000000712535770}: 'void java.lang.invoke.DirectMethodHandle$Holder.invokeStatic(java.lang.Object, java.lang.Object, java.lang.Object)'> (0x0000000712535770) 
thrown [s\open\src\hotspot\share\interpreter\linkResolver.cpp, line 773]
Event: 0.236 Thread 0x000001f62f013d50 Exception <a 'java/lang/NoSuchMethodError'{0x000000071254cc78}: 'java.lang.Object java.lang.invoke.Invokers$Holder.invokeExact_MT(java.lang.Object, java.lang.Object, java.lang.Object, java.lang.Object, java.lang.Object)'> (0x000000071254cc78) 
thrown [s\open\src\hotspot\share\interpreter\linkResolver.cpp, line 773]
Event: 0.372 Thread 0x000001f62f013d50 Exception <a 'java/lang/NoSuchMethodError'{0x0000000711f38300}: 'int java.lang.invoke.DirectMethodHandle$Holder.invokeInterface(java.lang.Object, java.lang.Object)'> (0x0000000711f38300) 
thrown [s\open\src\hotspot\share\interpreter\linkResolver.cpp, line 773]
Event: 0.372 Thread 0x000001f62f013d50 Exception <a 'java/lang/IncompatibleClassChangeError'{0x0000000711f3b618}: Found class java.lang.Object, but interface was expected> (0x0000000711f3b618) 
thrown [s\open\src\hotspot\share\interpreter\linkResolver.cpp, line 840]
Event: 0.373 Thread 0x000001f62f013d50 Exception <a 'java/lang/NoSuchMethodError'{0x0000000711f40da0}: 'void java.lang.invoke.DirectMethodHandle$Holder.invokeStatic(java.lang.Object, java.lang.Object)'> (0x0000000711f40da0) 
thrown [s\open\src\hotspot\share\interpreter\linkResolver.cpp, line 773]
Event: 0.433 Thread 0x000001f62f013d50 Exception <a 'java/lang/NoSuchMethodError'{0x0000000711cb9470}: 'int java.lang.invoke.DirectMethodHandle$Holder.invokeSpecial(java.lang.Object, java.lang.Object, java.lang.Object)'> (0x0000000711cb9470) 
thrown [s\open\src\hotspot\share\interpreter\linkResolver.cpp, line 773]
Event: 0.482 Thread 0x000001f62f013d50 Exception <a 'java/lang/NoSuchMethodError'{0x0000000711a85b50}: 'java.lang.Object java.lang.invoke.DirectMethodHandle$Holder.invokeStaticInit(java.lang.Object, java.lang.Object, java.lang.Object)'> (0x0000000711a85b50) 
thrown [s\open\src\hotspot\share\interpreter\linkResolver.cpp, line 773]
Event: 0.555 Thread 0x000001f62f013d50 Exception <a 'java/lang/NoSuchMethodError'{0x000000071162b9b8}: 'int java.lang.invoke.DirectMethodHandle$Holder.invokeSpecialIFC(java.lang.Object, java.lang.Object, java.lang.Object)'> (0x000000071162b9b8) 
thrown [s\open\src\hotspot\share\interpreter\linkResolver.cpp, line 773]
Event: 0.599 Thread 0x000001f62f013d50 Exception <a 'java/lang/NoSuchMethodError'{0x0000000711704538}: 'java.lang.Object java.lang.invoke.DirectMethodHandle$Holder.invokeStaticInit(java.lang.Object, int, int, int, int)'> (0x0000000711704538) 
thrown [s\open\src\hotspot\share\interpreter\linkResolver.cpp, line 773]
Event: 0.620 Thread 0x000001f62f013d50 Exception <a 'java/lang/NoSuchMethodError'{0x00000007117def28}: 'java.lang.Object java.lang.invoke.DirectMethodHandle$Holder.invokeStaticInit(java.lang.Object, java.lang.Object, int, int, int, int)'> (0x00000007117def28) 
thrown [s\open\src\hotspot\share\interpreter\linkResolver.cpp, line 773]
Event: 0.639 Thread 0x000001f62f013d50 Exception <a 'java/lang/ClassNotFoundException'{0x000000071142e2f0}: javax/management/remote/rmi/RMIServerImpl_Skel> (0x000000071142e2f0) 
thrown [s\open\src\hotspot\share\classfile\systemDictionary.cpp, line 312]

ZGC Phase Switch (0 events):
No events

VM Operations (14 events):
Event: 0.188 Executing VM operation: HandshakeAllThreads (Deoptimize)
Event: 0.188 Executing VM operation: HandshakeAllThreads (Deoptimize) done
Event: 0.222 Executing VM operation: ChangeBreakpoints
Event: 0.222 Executing VM operation: ChangeBreakpoints done
Event: 0.223 Executing VM operation: ChangeBreakpoints
Event: 0.223 Executing VM operation: ChangeBreakpoints done
Event: 0.564 Executing VM operation: HandshakeAllThreads (Deoptimize)
Event: 0.564 Executing VM operation: HandshakeAllThreads (Deoptimize) done
Event: 0.569 Executing VM operation: HandshakeAllThreads (Deoptimize)
Event: 0.569 Executing VM operation: HandshakeAllThreads (Deoptimize) done
Event: 0.637 Executing VM operation: HandshakeAllThreads (Deoptimize)
Event: 0.637 Executing VM operation: HandshakeAllThreads (Deoptimize) done
Event: 0.638 Executing VM operation: HandshakeAllThreads (Deoptimize)
Event: 0.638 Executing VM operation: HandshakeAllThreads (Deoptimize) done

Events (17 events):
Event: 0.032 Thread 0x000001f62f013d50 Thread added: 0x000001f62f013d50
Event: 0.055 Thread 0x000001f643f39520 Thread added: 0x000001f643f39520
Event: 0.055 Thread 0x000001f643f3a440 Thread added: 0x000001f643f3a440
Event: 0.055 Thread 0x000001f643f3c3f0 Thread added: 0x000001f643f3c3f0
Event: 0.055 Thread 0x000001f643f3f220 Thread added: 0x000001f643f3f220
Event: 0.055 Thread 0x000001f643f410a0 Thread added: 0x000001f643f410a0
Event: 0.055 Thread 0x000001f643f45080 Thread added: 0x000001f643f45080
Event: 0.055 Thread 0x000001f643f4c000 Thread added: 0x000001f643f4c000
Event: 0.181 Thread 0x000001f643f45710 Thread added: 0x000001f643f45710
Event: 0.188 Thread 0x000001f6890f2a00 Thread added: 0x000001f6890f2a00
Event: 0.189 Thread 0x000001f6890f5240 Thread added: 0x000001f6890f5240
Event: 0.210 Thread 0x000001f689164d70 Thread added: 0x000001f689164d70
Event: 0.211 Thread 0x000001f689188f50 Thread added: 0x000001f689188f50
Event: 0.211 Thread 0x000001f6891659b0 Thread added: 0x000001f6891659b0
Event: 0.242 Thread 0x000001f643f45da0 Thread added: 0x000001f643f45da0
Event: 0.517 Thread 0x000001f68991ecd0 Thread added: 0x000001f68991ecd0
Event: 0.652 Thread 0x000001f643f44360 Thread added: 0x000001f643f44360


Dynamic libraries:
0x00007ff7dec50000 - 0x00007ff7dec5e000 	C:\Users\XQM\.jdks\openjdk-21.0.1\bin\java.exe
0x00007fff36f50000 - 0x00007fff37166000 	C:\WINDOWS\SYSTEM32\ntdll.dll
0x00007fff362d0000 - 0x00007fff36394000 	C:\WINDOWS\System32\KERNEL32.DLL
0x00007fff34630000 - 0x00007fff349d6000 	C:\WINDOWS\System32\KERNELBASE.dll
0x00007fff34290000 - 0x00007fff343a1000 	C:\WINDOWS\System32\ucrtbase.dll
0x00007fff1dd80000 - 0x00007fff1dd98000 	C:\Users\XQM\.jdks\openjdk-21.0.1\bin\jli.dll
0x00007fff1db50000 - 0x00007fff1db6b000 	C:\Users\XQM\.jdks\openjdk-21.0.1\bin\VCRUNTIME140.dll
0x00007fff35850000 - 0x00007fff359fd000 	C:\WINDOWS\System32\USER32.dll
0x00007fff34470000 - 0x00007fff34496000 	C:\WINDOWS\System32\win32u.dll
0x00007fff363a0000 - 0x00007fff363c9000 	C:\WINDOWS\System32\GDI32.dll
0x00007fff1ff20000 - 0x00007fff201b3000 	C:\WINDOWS\WinSxS\amd64_microsoft.windows.common-controls_6595b64144ccf1df_6.0.22621.3235_none_270f74e173860f98\COMCTL32.dll
0x00007fff349e0000 - 0x00007fff34af8000 	C:\WINDOWS\System32\gdi32full.dll
0x00007fff36220000 - 0x00007fff362c7000 	C:\WINDOWS\System32\msvcrt.dll
0x00007fff34590000 - 0x00007fff3462a000 	C:\WINDOWS\System32\msvcp_win.dll
0x00007fff36bd0000 - 0x00007fff36c01000 	C:\WINDOWS\System32\IMM32.DLL
0x00007fff21880000 - 0x00007fff2188c000 	C:\Users\XQM\.jdks\openjdk-21.0.1\bin\vcruntime140_1.dll
0x00007ffefcc50000 - 0x00007ffefccde000 	C:\Users\XQM\.jdks\openjdk-21.0.1\bin\msvcp140.dll
0x00007ffe9ed60000 - 0x00007ffe9fa75000 	C:\Users\XQM\.jdks\openjdk-21.0.1\bin\server\jvm.dll
0x00007fff34ca0000 - 0x00007fff34d52000 	C:\WINDOWS\System32\ADVAPI32.dll
0x00007fff34ec0000 - 0x00007fff34f68000 	C:\WINDOWS\System32\sechost.dll
0x00007fff34c70000 - 0x00007fff34c98000 	C:\WINDOWS\System32\bcrypt.dll
0x00007fff35ec0000 - 0x00007fff35fd5000 	C:\WINDOWS\System32\RPCRT4.dll
0x00007fff363d0000 - 0x00007fff36441000 	C:\WINDOWS\System32\WS2_32.dll
0x00007fff33120000 - 0x00007fff3316d000 	C:\WINDOWS\SYSTEM32\POWRPROF.dll
0x00007fff2b710000 - 0x00007fff2b744000 	C:\WINDOWS\SYSTEM32\WINMM.dll
0x00007fff2d090000 - 0x00007fff2d09a000 	C:\WINDOWS\SYSTEM32\VERSION.dll
0x00007fff33100000 - 0x00007fff33113000 	C:\WINDOWS\SYSTEM32\UMPDC.dll
0x00007fff333c0000 - 0x00007fff333d8000 	C:\WINDOWS\SYSTEM32\kernel.appcore.dll
0x00007fff1ee50000 - 0x00007fff1ee5a000 	C:\Users\XQM\.jdks\openjdk-21.0.1\bin\jimage.dll
0x00007fff28cf0000 - 0x00007fff28f23000 	C:\WINDOWS\SYSTEM32\DBGHELP.DLL
0x00007fff36540000 - 0x00007fff368c8000 	C:\WINDOWS\System32\combase.dll
0x00007fff36140000 - 0x00007fff36217000 	C:\WINDOWS\System32\OLEAUT32.dll
0x00007fff17750000 - 0x00007fff17782000 	C:\WINDOWS\SYSTEM32\dbgcore.DLL
0x00007fff34510000 - 0x00007fff3458a000 	C:\WINDOWS\System32\bcryptPrimitives.dll
0x00007fff31600000 - 0x00007fff3163c000 	C:\Users\XQM\.jdks\openjdk-21.0.1\bin\jdwp.dll
0x00007fff315c0000 - 0x00007fff315cf000 	C:\Users\XQM\.jdks\openjdk-21.0.1\bin\instrument.dll
0x00007fff1dae0000 - 0x00007fff1daff000 	C:\Users\XQM\.jdks\openjdk-21.0.1\bin\java.dll
0x00007fff1d870000 - 0x00007fff1d888000 	C:\Users\XQM\.jdks\openjdk-21.0.1\bin\zip.dll
0x00007fff34ff0000 - 0x00007fff3584d000 	C:\WINDOWS\System32\SHELL32.dll
0x00007fff321f0000 - 0x00007fff32ae8000 	C:\WINDOWS\SYSTEM32\windows.storage.dll
0x00007fff320b0000 - 0x00007fff321ee000 	C:\WINDOWS\SYSTEM32\wintypes.dll
0x00007fff34d60000 - 0x00007fff34e53000 	C:\WINDOWS\System32\SHCORE.dll
0x00007fff36450000 - 0x00007fff364ae000 	C:\WINDOWS\System32\shlwapi.dll
0x00007fff341c0000 - 0x00007fff341e6000 	C:\WINDOWS\SYSTEM32\profapi.dll
0x00007fff315a0000 - 0x00007fff315ac000 	C:\Users\XQM\.jdks\openjdk-21.0.1\bin\dt_socket.dll
0x00007fff32dc0000 - 0x00007fff32ded000 	C:\WINDOWS\SYSTEM32\IPHLPAPI.DLL
0x00007fff33840000 - 0x00007fff338a9000 	C:\WINDOWS\system32\mswsock.dll
0x00007fff1e180000 - 0x00007fff1e190000 	C:\Users\XQM\.jdks\openjdk-21.0.1\bin\net.dll
0x00007fff2d390000 - 0x00007fff2d4c7000 	C:\WINDOWS\SYSTEM32\WINHTTP.dll
0x00007fff1d890000 - 0x00007fff1d8a6000 	C:\Users\XQM\.jdks\openjdk-21.0.1\bin\nio.dll
0x00007fff32e80000 - 0x00007fff32f79000 	C:\WINDOWS\SYSTEM32\DNSAPI.dll
0x00007fff35eb0000 - 0x00007fff35eb9000 	C:\WINDOWS\System32\NSI.dll
0x00007fff26ec0000 - 0x00007fff26eca000 	C:\Windows\System32\rasadhlp.dll
0x00007fff29650000 - 0x00007fff296d3000 	C:\WINDOWS\System32\fwpuclnt.dll
0x00007fff2f760000 - 0x00007fff2f76a000 	C:\Users\XQM\.jdks\openjdk-21.0.1\bin\management.dll
0x00007fff2f730000 - 0x00007fff2f73b000 	C:\Users\XQM\.jdks\openjdk-21.0.1\bin\management_ext.dll
0x00007fff36c70000 - 0x00007fff36c78000 	C:\WINDOWS\System32\PSAPI.DLL
0x00007fff33a90000 - 0x00007fff33aab000 	C:\WINDOWS\SYSTEM32\CRYPTSP.dll
0x00007fff33320000 - 0x00007fff33355000 	C:\WINDOWS\system32\rsaenh.dll
0x00007fff33930000 - 0x00007fff3395c000 	C:\WINDOWS\SYSTEM32\USERENV.dll
0x00007fff33ab0000 - 0x00007fff33abc000 	C:\WINDOWS\SYSTEM32\CRYPTBASE.dll
0x00007fff03c30000 - 0x00007fff03c47000 	C:\WINDOWS\system32\napinsp.dll
0x00007fff03cc0000 - 0x00007fff03cdb000 	C:\WINDOWS\system32\pnrpnsp.dll
0x00007fff03ca0000 - 0x00007fff03cb1000 	C:\WINDOWS\System32\winrnr.dll
0x00007fff2c4b0000 - 0x00007fff2c4c5000 	C:\WINDOWS\system32\wshbth.dll
0x00007fff03c70000 - 0x00007fff03c91000 	C:\WINDOWS\system32\nlansp_c.dll
0x00007fff1dca0000 - 0x00007fff1dca7000 	C:\Users\XQM\.jdks\openjdk-21.0.1\bin\extnet.dll

dbghelp: loaded successfully - version: 4.0.5 - missing functions: none
symbol engine: initialized successfully - sym options: 0x614 - pdb path: .;C:\Users\XQM\.jdks\openjdk-21.0.1\bin;C:\WINDOWS\SYSTEM32;C:\WINDOWS\WinSxS\amd64_microsoft.windows.common-controls_6595b64144ccf1df_6.0.22621.3235_none_270f74e173860f98;C:\Users\XQM\.jdks\openjdk-21.0.1\bin\server

VM Arguments:
jvm_args: -agentlib:jdwp=transport=dt_socket,address=127.0.0.1:56272,suspend=y,server=n -XX:TieredStopAtLevel=1 -Dspring.output.ansi.enabled=always -Dcom.sun.management.jmxremote -Dspring.jmx.enabled=true -Dspring.liveBeansView.mbeanDomain -Dspring.application.admin.enabled=true -Dmanagement.endpoints.jmx.exposure.include=* -javaagent:C:\Users\XQM\AppData\Local\JetBrains\IntelliJIdea2023.2\captureAgent\debugger-agent.jar -Dfile.encoding=UTF-8 -Dsun.stdout.encoding=UTF-8 -Dsun.stderr.encoding=UTF-8 
java_command: com.example.SpringbootApplication
java_class_path (initial): D:\foodshare\xm-foods\springboot\target\classes;C:\Users\XQM\.m2\repository\org\springframework\boot\spring-boot-starter-web\2.5.9\spring-boot-starter-web-2.5.9.jar;C:\Users\XQM\.m2\repository\org\springframework\boot\spring-boot-starter\2.5.9\spring-boot-starter-2.5.9.jar;C:\Users\XQM\.m2\repository\org\springframework\boot\spring-boot\2.5.9\spring-boot-2.5.9.jar;C:\Users\XQM\.m2\repository\org\springframework\boot\spring-boot-autoconfigure\2.5.9\spring-boot-autoconfigure-2.5.9.jar;C:\Users\XQM\.m2\repository\org\springframework\boot\spring-boot-starter-logging\2.5.9\spring-boot-starter-logging-2.5.9.jar;C:\Users\XQM\.m2\repository\ch\qos\logback\logback-classic\1.2.10\logback-classic-1.2.10.jar;C:\Users\XQM\.m2\repository\ch\qos\logback\logback-core\1.2.10\logback-core-1.2.10.jar;C:\Users\XQM\.m2\repository\org\apache\logging\log4j\log4j-to-slf4j\2.17.1\log4j-to-slf4j-2.17.1.jar;C:\Users\XQM\.m2\repository\org\apache\logging\log4j\log4j-api\2.17.1\log4j-api-2.17.1.jar;C:\Users\XQM\.m2\repository\org\slf4j\jul-to-slf4j\1.7.33\jul-to-slf4j-1.7.33.jar;C:\Users\XQM\.m2\repository\jakarta\annotation\jakarta.annotation-api\1.3.5\jakarta.annotation-api-1.3.5.jar;C:\Users\XQM\.m2\repository\org\springframework\spring-core\5.3.15\spring-core-5.3.15.jar;C:\Users\XQM\.m2\repository\org\springframework\spring-jcl\5.3.15\spring-jcl-5.3.15.jar;C:\Users\XQM\.m2\repository\org\yaml\snakeyaml\1.28\snakeyaml-1.28.jar;C:\Users\XQM\.m2\repository\org\springframework\boot\spring-boot-starter-json\2.5.9\spring-boot-starter-json-2.5.9.jar;C:\Users\XQM\.m2\repository\com\fasterxml\jackson\datatype\jackson-datatype-jdk8\2.12.6\jackson-datatype-jdk8-2.12.6.jar;C:\Users\XQM\.m2\repository\com\fasterxml\jackson\datatype\jackson-datatype-jsr310\2.12.6\jackson-datatype-jsr310-2.12.6.jar;C:\Users\XQM\.m2\repository\com\fasterxml\jackson\module\jackson-module-parameter-names\2.12.6\jackson-module-parameter-names-2.12.6.jar;C:\Users\XQM\.m2\repository\org\springframework\boot\spring-boot-starter-tomcat\2.5.9\spring-boot-starter-tomcat-2.5.9.jar;C:\Users\XQM\.m2\repository\org\apache\tomcat\embed\tomcat-embed-core\9.0.56\tomcat-embed-core-9.0.56.jar;C:\Users\XQM\.m2\repository\org\apache\tomcat\embed\tomcat-embed-el\9.0.56\tomcat-embed-el-9.0.56.jar;C:\Users\XQM\.m2\repository\org\apache\tomcat\embed\tomcat-embed-websocket\9.0.56\tomcat-embed-websocket-9.0.56.jar;C:\Users\XQM\.m2\repository\org\springframework\spring-web\5.3.15\spring-web-5.3.15.jar;C:\Users\XQM\.m2\repository\org\springframework\spring-beans\5.3.15\spring-beans-5.3.15.jar;C:\Users\XQM\.m2\repository\org\springframework\spring-webmvc\5.3.15\spring-webmvc-5.3.15.jar;C:\Users\XQM\.m2\repository\org\springframework\spring-aop\5.3.15\spring-aop-5.3.15.jar;C:\Users\XQM\.m2\repository\org\springframework\spring-context\5.3.15\spring-context-5.3.15.jar;C:\Users\XQM\.m2\repository\org\springframework\spring-expression\5.3.15\spring-expression-5.3.15.jar;C:\Users\XQM\.m2\repository\mysql\mysql-connector-java\8.0.28\mysql-connector-java-8.0.28.jar;C:\Users\XQM\.m2\repository\org\mybatis\spring\boot\mybatis-spring-boot-starter\2.2.1\mybatis-spring-boot-starter-2.2.1.jar;C:\Users\XQM\.m2\repository\org\springframework\boot\spring-boot-starter-jdbc\2.5.9\spring-boot-starter-jdbc-2.5.9.jar;C:\Users\XQM\.m2\repository\com\zaxxer\HikariCP\4.0.3\HikariCP-4.0.3.jar;C:\Users\XQM\.m2\repository\org\slf4j\slf4j-api\1.7.33\slf4j-api-1.7.33.jar;C:\Users\XQM\.m2\repository\org\springframework\spring-jdbc\5.3.15\spring-jdbc-5.3.15.jar;C:\Users\XQM\.m2\repository\org\springframework\spring-tx\5.3.15\spring-tx-5.3.15.jar;C:\Users\XQM\.m2\repository\org\mybatis\spring\boot\mybatis-spring-boot-autoconfigure\2.2.1\mybatis-spring-boot-autoconfigure-2.2.1.jar;C:\Users\XQM\.m2\repository\org\mybatis\mybatis\3.5.9\mybatis-3.5.9.jar;C:\Users\XQM\.m2\repository\org\mybatis\mybatis-spring\2.0.6\mybatis-spring-2.0.6.jar;C:\Users\XQM\.m2\repository\com\github\pagehelper\pagehelper-spring-boot-starter\1.4.6\pagehelper-spring-boot-starter-1.4.6.jar;C:\Users\XQM\.m2\repository\com\github\pagehelper\pagehelper-spring-boot-autoconfigure\1.4.6\pagehelper-spring-boot-autoconfigure-1.4.6.jar;C:\Users\XQM\.m2\repository\com\github\pagehelper\pagehelper\5.3.2\pagehelper-5.3.2.jar;C:\Users\XQM\.m2\repository\com\github\jsqlparser\jsqlparser\4.5\jsqlparser-4.5.jar;C:\Users\XQM\.m2\repository\cn\hutool\hutool-all\5.8.18\hutool-all-5.8.18.jar;C:\Users\XQM\.m2\repository\com\auth0\java-jwt\4.3.0\java-jwt-4.3.0.jar;C:\Users\XQM\.m2\repository\com\fasterxml\jackson\core\jackson-databind\2.12.6\jackson-databind-2.12.6.jar;C:\Users\XQM\.m2\repository\com\fasterxml\jackson\core\jackson-annotations\2.12.6\jackson-annotations-2.12.6.jar;C:\Users\XQM\.m2\repository\com\fasterxml\jackson\core\jackson-core\2.12.6\jackson-core-2.12.6.jar;D:\IntelliJ IDEA 2023.2.3\lib\idea_rt.jar
Launcher Type: SUN_STANDARD

[Global flags]
     intx CICompilerCount                          = 4                                         {product} {ergonomic}
     uint ConcGCThreads                            = 2                                         {product} {ergonomic}
     uint G1ConcRefinementThreads                  = 8                                         {product} {ergonomic}
   size_t G1HeapRegionSize                         = 2097152                                   {product} {ergonomic}
    uintx GCDrainStackTargetSize                   = 64                                        {product} {ergonomic}
   size_t InitialHeapSize                          = 266338304                                 {product} {ergonomic}
     bool ManagementServer                         = true                                      {product} {command line}
   size_t MarkStackSize                            = 4194304                                   {product} {ergonomic}
   size_t MaxHeapSize                              = 4250927104                                {product} {ergonomic}
   size_t MaxNewSize                               = 2550136832                                {product} {ergonomic}
   size_t MinHeapDeltaBytes                        = 2097152                                   {product} {ergonomic}
   size_t MinHeapSize                              = 8388608                                   {product} {ergonomic}
    uintx NonNMethodCodeHeapSize                   = 4096                                   {pd product} {ergonomic}
    uintx NonProfiledCodeHeapSize                  = 0                                      {pd product} {ergonomic}
     bool ProfileInterpreter                       = false                                  {pd product} {command line}
    uintx ProfiledCodeHeapSize                     = 0                                      {pd product} {ergonomic}
   size_t SoftMaxHeapSize                          = 4250927104                             {manageable} {ergonomic}
     intx TieredStopAtLevel                        = 1                                         {product} {command line}
     bool UseCompressedOops                        = true                           {product lp64_product} {ergonomic}
     bool UseG1GC                                  = true                                      {product} {ergonomic}
     bool UseLargePagesIndividualAllocation        = false                                  {pd product} {ergonomic}

Logging:
Log output configuration:
 #0: stdout all=warning uptime,level,tags foldmultilines=false
 #1: stderr all=off uptime,level,tags foldmultilines=false

Environment Variables:
JAVA_HOME=C:\software\Java\jdk-16.0.2
PATH=D:\ZenTaoPMS\ZenTao\zbox\nssm\win32;C:\Program Files\Common Files\Oracle\Java\javapath;C:\Windows\system32;C:\Windows;C:\Windows\System32\Wbem;C:\Windows\System32\WindowsPowerShell\v1.0\;C:\Windows\System32\OpenSSH\;C:\Program Files (x86)\NVIDIA Corporation\PhysX\Common;C:\Program Files\NVIDIA Corporation\NVIDIA NvDLISR;C:\WINDOWS\system32;C:\WINDOWS;C:\WINDOWS\System32\Wbem;C:\WINDOWS\System32\WindowsPowerShell\v1.0\;C:\WINDOWS\System32\OpenSSH\;C:\software\Java\jdk-16.0.2\bin;C:\software\Java\jdk-16.0.2\jre\bin;C:\Program Files\gcc\mingw64\bin;C:\Mysql\mysql-8.0.28-winx64\bin;C:\ProgramData\chocolatey\bin;C:\Program Files\Microsoft SQL Server\130\Tools\Binn\;D:\Program Files\Git\cmd;D:\tools\maven\apache-maven-3.6.1\bin;C:\Program Files\nodejs\;C:\Program Files\nodejs\node_global\node_modules;C:\Users\XQM\AppData\Local\Programs\Python\Python37-32\Scripts\;C:\Users\XQM\AppData\Local\Programs\Python\Python37-32\;C:\Users\XQM\AppData\Local\Microsoft\WindowsApps;D:\AppData\Local\Programs\Microsoft VS Code\bin;D;C:\Users\XQM\AppData\Local\Programs\Python\Python37-32\Scripts\;C:\Users\XQM\AppData\Local\Programs\Python\Python37-32\;C:\Users\XQM\AppData\Local\Microsoft\WindowsApps;D:\AppData\Local\Programs\Microsoft VS Code\bin;D:\JetBrains\IntelliJ IDEA 2023.1.2\bin;;C:\Program Files\nodejs\node_global;
USERNAME=XQM
OS=Windows_NT
PROCESSOR_IDENTIFIER=Intel64 Family 6 Model 142 Stepping 12, GenuineIntel
TMP=C:\Users\XQM\AppData\Local\Temp
TEMP=C:\Users\XQM\AppData\Local\Temp




Periodic native trim disabled

---------------  S Y S T E M  ---------------

OS:
 Windows 11 , 64 bit Build 22621 (10.0.22621.3235)
OS uptime: 1 days 8:49 hours

CPU: total 8 (initial active 8) (4 cores per cpu, 2 threads per core) family 6 model 142 stepping 12 microcode 0xde, cx8, cmov, fxsr, ht, mmx, 3dnowpref, sse, sse2, sse3, ssse3, sse4.1, sse4.2, popcnt, lzcnt, tsc, tscinvbit, avx, avx2, aes, erms, clmul, bmi1, bmi2, adx, fma, vzeroupper, clflush, clflushopt, rdtscp, f16c
Processor Information for all 8 processors :
  Max Mhz: 2112, Current Mhz: 1609, Mhz Limit: 1605

Memory: 4k page, system-wide physical 16212M (4834M free)
TotalPageFile size 16212M (AvailPageFile size 0M)
current process WorkingSet (physical memory assigned to process): 64M, peak: 64M
current process commit charge ("private bytes"): 345M, peak: 346M

vm_info: OpenJDK 64-Bit Server VM (21.0.1+12-29) for windows-amd64 JRE (21.0.1+12-29), built on 2023-10-05T13:27:09Z by "mach5one" with MS VC++ 17.1 (VS2022)

END.
